[15:01:02] This is prokka 1.13
[15:01:02] Written by Torsten Seemann <torsten.seemann@gmail.com>
[15:01:02] Homepage is https://github.com/tseemann/prokka
[15:01:02] Local time is Mon Jun  1 15:01:02 2026
[15:01:02] You are alireza
[15:01:02] Operating system is linux
[15:01:02] You have BioPerl 1.007002
[15:01:02] System has 12 cores.
[15:01:02] Will use maximum of 8 cores.
[15:01:02] Annotating as >>> Bacteria <<<
[15:01:02] Generating locus_tag from 'sequence.fasta' contents.
[15:01:02] Setting --locustag CAICOJHJ from MD5 ca2c8313e30e5a90b9625aeb835f9a59
[15:01:02] Creating new output folder: PROKKA_06012026
[15:01:02] Running: mkdir -p PROKKA_06012026
[15:01:02] Using filename prefix: PROKKA_06012026.XXX
[15:01:02] Setting HMMER_NCPU=1
[15:01:02] Writing log to: PROKKA_06012026/PROKKA_06012026.log
[15:01:02] Command: /media/alireza/miniconda3/envs/prokka/bin/prokka sequence.fasta
[15:01:02] Appending to PATH: /media/alireza/miniconda3/envs/prokka/bin
[15:01:02] Looking for 'aragorn' - found /media/alireza/miniconda3/envs/prokka/bin/aragorn
[15:01:02] Determined aragorn version is 1.2
[15:01:02] Looking for 'barrnap' - found /media/alireza/miniconda3/envs/prokka/bin/barrnap
[15:01:02] Determined barrnap version is 0.9
[15:01:02] Looking for 'blastp' - found /media/alireza/miniconda3/envs/prokka/bin/blastp
[15:01:03] Determined blastp version is 2.9
[15:01:03] Looking for 'cmpress' - found /media/alireza/miniconda3/envs/prokka/bin/cmpress
[15:01:03] Determined cmpress version is 1.1
[15:01:03] Looking for 'cmscan' - found /media/alireza/miniconda3/envs/prokka/bin/cmscan
[15:01:03] Determined cmscan version is 1.1
[15:01:03] Looking for 'egrep' - found /usr/bin/egrep
[15:01:03] Looking for 'find' - found /usr/bin/find
[15:01:03] Looking for 'grep' - found /usr/bin/grep
[15:01:03] Looking for 'hmmpress' - found /media/alireza/miniconda3/envs/prokka/bin/hmmpress
[15:01:03] Determined hmmpress version is 3.4
[15:01:03] Looking for 'hmmscan' - found /media/alireza/miniconda3/envs/prokka/bin/hmmscan
[15:01:03] Determined hmmscan version is 3.4
[15:01:03] Looking for 'java' - found /media/alireza/miniconda3/envs/prokka/bin/java
[15:01:03] Looking for 'less' - found /usr/bin/less
[15:01:03] Looking for 'makeblastdb' - found /media/alireza/miniconda3/envs/prokka/bin/makeblastdb
[15:01:03] Determined makeblastdb version is 2.9
[15:01:03] Looking for 'minced' - found /media/alireza/miniconda3/envs/prokka/bin/minced
[15:01:03] Determined minced version is 4.2
[15:01:03] Looking for 'parallel' - found /media/alireza/miniconda3/envs/prokka/bin/parallel
[15:01:03] Determined parallel version is 20160622
[15:01:03] Looking for 'prodigal' - found /media/alireza/miniconda3/envs/prokka/bin/prodigal
[15:01:03] Determined prodigal version is 2.6
[15:01:03] Looking for 'prokka-genbank_to_fasta_db' - found /media/alireza/miniconda3/envs/prokka/bin/prokka-genbank_to_fasta_db
[15:01:03] Looking for 'sed' - found /usr/bin/sed
[15:01:03] Looking for 'tbl2asn' - found /media/alireza/miniconda3/envs/prokka/bin/tbl2asn
[15:01:03] Determined tbl2asn version is 25.8
[15:01:03] Using genetic code table 11.
[15:01:03] Loading and checking input file: sequence.fasta
[15:01:03] Wrote 1 contigs totalling 5231428 bp.
[15:01:03] Predicting tRNAs and tmRNAs
[15:01:03] Running: aragorn -l -gc11  -w PROKKA_06012026\/PROKKA_06012026\.fna
[15:01:04] 1 tRNA-Glu [236813,236889] 36 (ttc)
[15:01:04] 2 tRNA-Asp [240329,240405] 35 (gtc)
[15:01:04] 3 tRNA-Asp [248554,248630] 35 (gtc)
[15:01:04] 4 tRNA-Gly [273217,273291] 36 (gcc)
[15:01:04] 5 tRNA-Thr [370224,370299] 34 (cgt)
[15:01:04] 6 tRNA-Ser [434982,435062] 38 (gga)
[15:01:04] 7 tRNA-Arg [627071,627147] 35 (tct)
[15:01:04] 8 tRNA-Gln c[729302,729376] 33 (ctg)
[15:01:04] 9 tRNA-Gln c[729414,729488] 33 (ctg)
[15:01:04] 10 tRNA-Met c[729537,729613] 35 (cat)
[15:01:04] 11 tRNA-Gln c[729629,729703] 33 (ttg)
[15:01:04] 12 tRNA-Gln c[729738,729812] 33 (ttg)
[15:01:04] 13 tRNA-Leu c[729836,729920] 35 (tag)
[15:01:04] 14 tRNA-Met c[729931,730007] 35 (cat)
[15:01:04] 15 tRNA-Lys [803225,803300] 34 (ttt)
[15:01:04] 16 tRNA-Val [803336,803411] 34 (tac)
[15:01:04] 17 tRNA-Lys [803414,803489] 34 (ttt)
[15:01:04] 18 tRNA-Val [803541,803616] 34 (tac)
[15:01:04] 19 tRNA-Lys [803620,803695] 34 (ttt)
[15:01:04] 20 tRNA-Lys [803744,803819] 34 (ttt)
[15:01:04] 21 tRNA-Lys [803853,803928] 34 (ttt)
[15:01:04] 22 tRNA-Ser c[980013,980100] 35 (gga)
[15:01:04] 23 tRNA-Ser c[1075414,1075501] 35 (tga)
[15:01:04] 24 tRNA-Arg [1211152,1211228] 35 (tct)
[15:01:04] 25 tRNA-Ser c[1241062,1241149] 35 (gga)
[15:01:04] 26 tRNA-Met [1342304,1342379] 34 (cat)
[15:01:04] 27 tRNA-Arg [1342387,1342463] 35 (tcg)
[15:01:04] 28 tRNA-Arg [1342477,1342553] 35 (tct)
[15:01:04] 29 tRNA-Tyr c[1532391,1532475] 35 (gta)
[15:01:04] 30 tRNA-Tyr c[1532509,1532593] 35 (gta)
[15:01:04] 31 tRNA-Val [1902573,1902649] 35 (gac)
[15:01:04] 32 tRNA-Val [1902654,1902730] 35 (gac)
[15:01:04] 33 tRNA-Leu c[2140492,2140578] 35 (taa)
[15:01:04] 34 tRNA-Cys c[2140591,2140664] 33 (gca)
[15:01:04] 35 tRNA-Gly c[2140718,2140793] 34 (gcc)
[15:01:04] 36 tRNA-Ser c[2216841,2216930] 35 (cga)
[15:01:04] 37 tRNA-Asn [2217922,2217997] 34 (gtt)
[15:01:04] 38 tRNA-Asn c[2258516,2258591] 34 (gtt)
[15:01:04] 39 tRNA-Asn c[2260925,2261000] 34 (gtt)
[15:01:04] 40 tRNA-Asn [2262749,2262824] 34 (gtt)
[15:01:04] 41 tRNA-Pro [2576748,2576824] 35 (ggg)
[15:01:04] 42 tRNA-Arg [2746725,2746799] 34 (cct)
[15:01:04] 43 tRNA-Ala c[2799076,2799151] 34 (ggc)
[15:01:04] 44 tRNA-Ala c[2799191,2799266] 34 (ggc)
[15:01:04] 45 tRNA-Val [2801965,2802040] 34 (tac)
[15:01:04] 46 tRNA-Val [2802084,2802159] 34 (tac)
[15:01:04] 47 tRNA-Val [2802206,2802281] 34 (tac)
[15:01:04] 48 tRNA-Lys [2802286,2802361] 34 (ttt)
[15:01:04] 49 tRNA-Glu c[2992062,2992137] 35 (ttc)
[15:01:04] 50 tmRNA [3018179,3018541] 90,125 ANDENYALAA**
[15:01:04] 51 tRNA-Arg c[3100380,3100456] 35 (acg)
[15:01:04] 52 tRNA-Arg c[3100520,3100596] 35 (acg)
[15:01:04] 53 tRNA-Arg c[3100659,3100735] 35 (acg)
[15:01:04] 54 tRNA-Arg c[3100798,3100874] 35 (acg)
[15:01:04] 55 tRNA-Arg c[3100939,3101015] 35 (acg)
[15:01:04] 56 tRNA-Ser c[3101019,3101111] 35 (gct)
[15:01:04] 57 tRNA-Met [3222091,3222167] 35 (cat)
[15:01:04] 58 tRNA-Met [3222201,3222277] 35 (cat)
[15:01:04] 59 tRNA-Met [3222311,3222387] 35 (cat)
[15:01:04] 60 tRNA-Gly c[3295426,3295499] 33 (ccc)
[15:01:04] 61 tRNA-Phe [3406225,3406300] 34 (gaa)
[15:01:04] 62 tRNA-Met [3656193,3656268] 34 (cat)
[15:01:04] 63 tRNA-Met c[3751846,3751922] 35 (cat)
[15:01:04] 64 tRNA-Leu c[3755703,3755789] 35 (gag)
[15:01:04] 65 tRNA-Glu c[3858429,3858504] 35 (ttc)
[15:01:04] 66 tRNA-Pro c[4147653,4147729] 35 (cgg)
[15:01:04] 67 tRNA-SeC [4274308,4274402] 35 (tca)
[15:01:04] 68 tRNA-Glu [4444468,4444543] 35 (ttc)
[15:01:04] 69 tRNA-Asp [4447909,4447985] 35 (gtc)
[15:01:04] 70 tRNA-Trp [4447994,4448069] 34 (cca)
[15:01:04] 71 tRNA-Arg [4482539,4482615] 35 (ccg)
[15:01:04] 72 tRNA-His [4482674,4482749] 34 (gtg)
[15:01:04] 73 tRNA-Leu [4482770,4482856] 35 (cag)
[15:01:04] 74 tRNA-Pro [4482899,4482975] 35 (tgg)
[15:01:04] 75 tRNA-Ile [4562805,4562881] 35 (gat)
[15:01:04] 76 tRNA-Ala [4562924,4562999] 34 (tgc)
[15:01:04] 77 tRNA-Glu [4700785,4700860] 35 (ttc)
[15:01:04] 78 tRNA-Thr [4707636,4707711] 34 (tgt)
[15:01:04] 79 tRNA-Tyr [4707720,4707804] 35 (gta)
[15:01:04] 80 tRNA-Gly [4707921,4707995] 34 (tcc)
[15:01:04] 81 tRNA-Thr [4708002,4708077] 34 (ggt)
[15:01:04] 82 tRNA-Glu [4740956,4741031] 35 (ttc)
[15:01:04] 83 tRNA-Phe c[4971585,4971660] 34 (gaa)
[15:01:04] 84 tRNA-Gly [5000526,5000601] 34 (gcc)
[15:01:04] 85 tRNA-Gly [5000638,5000713] 34 (gcc)
[15:01:04] 86 tRNA-Gly [5000749,5000824] 34 (gcc)
[15:01:04] 87 tRNA-Leu [5115342,5115426] 35 (caa)
[15:01:04] 88 tRNA-Leu c[5195068,5195154] 35 (cag)
[15:01:04] 89 tRNA-Leu c[5195189,5195275] 35 (cag)
[15:01:04] 90 tRNA-Leu c[5195304,5195390] 35 (cag)
[15:01:04] Found 90 tRNAs
[15:01:04] Predicting Ribosomal RNAs
[15:01:04] Running Barrnap with 8 threads
[15:01:05] 1 AE014075.1 235189 16S ribosomal RNA
[15:01:05] 2 AE014075.1 237162 23S ribosomal RNA
[15:01:05] 3 AE014075.1 240161 5S ribosomal RNA
[15:01:05] 4 AE014075.1 2988765 5S ribosomal RNA
[15:01:05] 5 AE014075.1 2988974 23S ribosomal RNA
[15:01:05] 6 AE014075.1 2992310 16S ribosomal RNA
[15:01:05] 7 AE014075.1 3855029 5S ribosomal RNA
[15:01:05] 8 AE014075.1 3855237 23S ribosomal RNA
[15:01:05] 9 AE014075.1 3858591 16S ribosomal RNA
[15:01:05] 10 AE014075.1 4442843 16S ribosomal RNA
[15:01:05] 11 AE014075.1 4444739 23S ribosomal RNA
[15:01:05] 12 AE014075.1 4447742 5S ribosomal RNA
[15:01:05] 13 AE014075.1 4561197 16S ribosomal RNA
[15:01:05] 14 AE014075.1 4563176 23S ribosomal RNA
[15:01:05] 15 AE014075.1 4566179 5S ribosomal RNA
[15:01:05] 16 AE014075.1 4699066 16S ribosomal RNA
[15:01:05] 17 AE014075.1 4701056 23S ribosomal RNA
[15:01:05] 18 AE014075.1 4704055 5S ribosomal RNA
[15:01:05] 19 AE014075.1 4739332 16S ribosomal RNA
[15:01:05] 20 AE014075.1 4741228 23S ribosomal RNA
[15:01:05] 21 AE014075.1 4744230 5S ribosomal RNA
[15:01:05] Found 21 rRNAs
[15:01:05] Skipping ncRNA search, enable with --rfam if desired.
[15:01:05] Total of 110 tRNA + rRNA features
[15:01:05] Searching for CRISPR repeats
[15:01:06] Found 0 CRISPRs
[15:01:06] Predicting coding sequences
[15:01:06] Contigs total 5231428 bp, so using single mode
[15:01:06] Running: prodigal -i PROKKA_06012026\/PROKKA_06012026\.fna -c -m -g 11 -p single -f sco -q
[15:01:11] Excluding CDS which overlaps existing RNA (rRNA) at AE014075.1:236373..236627 on + strand
[15:01:11] Excluding CDS which overlaps existing RNA (tRNA) at AE014075.1:272721..273530 on - strand
[15:01:13] Excluding CDS which overlaps existing RNA (rRNA) at AE014075.1:2990024..2990143 on - strand
[15:01:13] Excluding CDS which overlaps existing RNA (tRNA) at AE014075.1:3100658..3101308 on + strand
[15:01:13] Excluding CDS which overlaps existing RNA (rRNA) at AE014075.1:3858690..3858944 on - strand
[15:01:14] Excluding CDS which overlaps existing RNA (rRNA) at AE014075.1:4562382..4562636 on + strand
[15:01:14] Excluding CDS which overlaps existing RNA (rRNA) at AE014075.1:4702788..4702907 on + strand
[15:01:14] Excluding CDS which overlaps existing RNA (rRNA) at AE014075.1:4740516..4740770 on + strand
[15:01:14] Found 4894 CDS
[15:01:14] Connecting features back to sequences
[15:01:14] Not using genus-specific database. Try --usegenus to enable it.
[15:01:14] Annotating CDS, please be patient.
[15:01:14] Will use 8 CPUs for similarity searching.
[15:01:15] There are still 4894 unannotated CDS left (started with 4894)
[15:01:15] Will use blast to search against /media/alireza/miniconda3/envs/prokka/bin/../db/kingdom/Bacteria/sprot with 8 CPUs
[15:01:15] Running: cat PROKKA_06012026\/sprot\.faa | parallel --gnu --plain -j 8 --block 97130 --recstart '>' --pipe blastp -query - -db /media/alireza/miniconda3/envs/prokka/bin/../db/kingdom/Bacteria/sprot -evalue 1e-06 -num_threads 1 -num_descriptions 1 -num_alignments 1 -seg no > PROKKA_06012026\/sprot\.blast 2> /dev/null
[15:01:55] Modify product: Probable DNA endonuclease SmrA => putative DNA endonuclease SmrA
[15:01:55] Modify product: Uncharacterized protein YnbC => putative protein YnbC
[15:01:55] Modify product: Uncharacterized protein YnbD => putative protein YnbD
[15:01:55] Modify product: Uncharacterized protein Rv3292 => putative protein
[15:01:55] Modify product: Uncharacterized protease YdcP => putative protease YdcP
[15:01:55] Modify product: Uncharacterized protein YdcY => putative protein YdcY
[15:01:55] Modify product: Uncharacterized protein YncE => putative protein YncE
[15:01:55] Modify product: Uncharacterized isomerase YddE => putative isomerase YddE
[15:01:55] Modify product: Probable nitrate reductase molybdenum cofactor assembly chaperone NarW => putative nitrate reductase molybdenum cofactor assembly chaperone NarW
[15:01:55] Modify product: Uncharacterized HTH-type transcriptional regulator YddM => putative HTH-type transcriptional regulator YddM
[15:01:55] Modify product: Probable glutamate/gamma-aminobutyrate antiporter => putative glutamate/gamma-aminobutyrate antiporter
[15:01:55] Modify product: Uncharacterized sugar epimerase YhfK => putative sugar epimerase YhfK
[15:01:55] Modify product: Probable diguanylate cyclase DgcQ => putative diguanylate cyclase DgcQ
[15:01:55] Modify product: UPF0056 inner membrane protein MarC => hypothetical protein
[15:01:55] Modify product: Probable amino-acid metabolite efflux pump => putative amino-acid metabolite efflux pump
[15:01:55] Modify product: Uncharacterized protein YneM => putative protein YneM
[15:01:55] Modify product: UPF0060 membrane protein YnfA => hypothetical protein
[15:01:55] Modify product: UPF0482 protein YnfB => hypothetical protein
[15:01:55] Modify product: Uncharacterized protein YnfD => putative protein YnfD
[15:01:55] Modify product: Probable dimethyl sulfoxide reductase chain YnfF => putative dimethyl sulfoxide reductase chain YnfF
[15:01:55] Modify product: Uncharacterized oxidoreductase YdgJ => putative oxidoreductase YdgJ
[15:01:55] Modify product: Uncharacterized protein YnhF => putative protein YnhF
[15:01:55] Modify product: Uncharacterized HTH-type transcriptional regulator YahB => putative HTH-type transcriptional regulator YahB
[15:01:55] Modify product: Probable autotransporter ROD_p1121 => putative autotransporter
[15:01:55] Modify product: Uncharacterized protein YdhT => putative protein YdhT
[15:01:55] Modify product: Uncharacterized ferredoxin-like protein YdhX => putative ferredoxin-like protein YdhX
[15:01:55] Modify product: Uncharacterized protein YdhW => putative protein YdhW
[15:01:55] Modify product: Uncharacterized oxidoreductase YdhV => putative oxidoreductase YdhV
[15:01:55] Modify product: Uncharacterized ferredoxin-like protein YdhY => putative ferredoxin-like protein YdhY
[15:01:55] Modify product: Probable L,D-transpeptidase YnhG => putative L,D-transpeptidase YnhG
[15:01:55] Modify product: Probable ATP-dependent transporter SufC => putative ATP-dependent transporter SufC
[15:01:55] Modify product: Uncharacterized protein HI_1163 => putative protein
[15:01:55] Modify product: Uncharacterized protein YdiE => putative protein YdiE
[15:01:55] Modify product: Uncharacterized protein YniD => putative protein YniD
[15:01:55] Modify product: Probable acyl-CoA dehydrogenase fadE25 => putative acyl-CoA dehydrogenase fadE25
[15:01:56] Modify product: Probable L,D-transpeptidase ErfK/SrfK => putative L,D-transpeptidase ErfK/SrfK
[15:01:56] Modify product: Uncharacterized protein YbdM => putative protein YbdM
[15:01:56] Modify product: Uncharacterized protein HI_1472 => putative protein
[15:01:56] Modify product: UPF0758 protein CT0611 => hypothetical protein
[15:01:56] Modify product: UPF0265 protein YeeX => hypothetical protein
[15:01:56] Modify product: Putative acetyltransferase SACOL2570 => Putative acetyltransferase
[15:01:56] Modify product: Uncharacterized glycosyltransferase Rv1514c => putative glycosyltransferase
[15:01:56] Modify product: UPF0053 inner membrane protein YoaE => hypothetical protein
[15:01:56] Modify product: Probable diguanylate cyclase DgcE => putative diguanylate cyclase DgcE
[15:01:56] Modify product: UPF0339 protein YegP => hypothetical protein
[15:01:56] Modify product: Uncharacterized protease YdcP => putative protease YdcP
[15:01:56] Modify product: Uncharacterized fimbrial-like protein YehA => putative fimbrial-like protein YehA
[15:01:56] Modify product: Probable fimbrial chaperone YehC => putative fimbrial chaperone YehC
[15:01:56] Modify product: Uncharacterized fimbrial-like protein YehD => putative fimbrial-like protein YehD
[15:01:56] Modify product: Uncharacterized protein YehL => putative protein YehL
[15:01:56] Modify product: Uncharacterized lipoprotein YehR => putative lipoprotein YehR
[15:01:56] Modify product: UPF0387 membrane protein YohO => hypothetical protein
[15:01:56] Modify product: UPF0299 membrane protein YohJ => hypothetical protein
[15:01:56] Modify product: UPF0324 inner membrane protein YeiH => hypothetical protein
[15:01:56] Modify product: UPF0153 protein YeiW => hypothetical protein
[15:01:56] Modify product: Probable cyclic di-GMP phosphodiesterase PdeN => putative cyclic di-GMP phosphodiesterase PdeN
[15:01:56] Modify product: Uncharacterized ABC transporter ATP-binding protein YejF => putative ABC transporter ATP-binding protein YejF
[15:01:56] Modify product: Uncharacterized protein YejG => putative protein YejG
[15:01:56] Modify product: UPF0352 protein YejL => hypothetical protein
[15:01:56] Modify product: Uncharacterized N-acetyltransferase YafP => putative N-acetyltransferase YafP
[15:01:56] Modify product: UPF0255 protein VV1_0328 => hypothetical protein
[15:01:56] Modify product: Probable fimbrial chaperone EcpE => putative fimbrial chaperone EcpE
[15:01:56] Modify product: Probable outer membrane usher protein EcpC => putative outer membrane usher protein EcpC
[15:01:56] Modify product: Probable fimbrial chaperone EcpB => putative fimbrial chaperone EcpB
[15:01:56] Modify product: Uncharacterized membrane protein YkgR => putative membrane protein YkgR
[15:01:56] Modify product: Uncharacterized protein YcjY => putative protein YcjY
[15:01:56] Modify product: Uncharacterized oxidoreductase YtbE => putative oxidoreductase YtbE
[15:01:56] Modify product: Probable pyridine nucleotide-disulfide oxidoreductase RclA => putative pyridine nucleotide-disulfide oxidoreductase RclA
[15:01:56] Modify product: Uncharacterized HTH-type transcriptional regulator YahB => putative HTH-type transcriptional regulator YahB
[15:01:56] Modify product: Probable diguanylate cyclase DgcC => putative diguanylate cyclase DgcC
[15:01:56] Modify product: UPF0178 protein YaiI => hypothetical protein
[15:01:56] Modify product: Uncharacterized protein YaiA => putative protein YaiA
[15:01:56] Modify product: Uncharacterized lipoprotein YajI => putative lipoprotein YajI
[15:01:56] Modify product: UPF0234 protein YajQ => hypothetical protein
[15:01:56] Modify product: Uncharacterized protein HI_1008 => putative protein
[15:01:56] Modify product: Probable multidrug resistance ABC transporter ATP-binding/permease protein YheI => putative multidrug resistance ABC transporter ATP-binding/permease protein YheI
[15:01:56] Modify product: Uncharacterized lipoprotein YbaY => putative lipoprotein YbaY
[15:01:56] Modify product: Uncharacterized protein YbaA => putative protein YbaA
[15:01:56] Modify product: Probable cyclic di-GMP phosphodiesterase PdeB => putative cyclic di-GMP phosphodiesterase PdeB
[15:01:56] Modify product: Uncharacterized HTH-type transcriptional regulator YbaQ => putative HTH-type transcriptional regulator YbaQ
[15:01:56] Modify product: Probable iron export ATP-binding protein FetA => putative iron export ATP-binding protein FetA
[15:01:56] Modify product: Probable iron export permease protein FetB => putative iron export permease protein FetB
[15:01:56] Modify product: Probable iron export permease protein FetB => putative iron export permease protein FetB
[15:01:56] Modify product: Uncharacterized protein YbbN => putative protein YbbN
[15:01:56] Modify product: Uncharacterized oxidoreductase Rv0484c => putative oxidoreductase
[15:01:56] Modify product: Uncharacterized protein YbcJ => putative protein YbcJ
[15:01:56] Modify product: Bifunctional protein FolD => Bifunctional protein FolD protein
[15:01:56] Modify product: Uncharacterized protein YjbR => putative protein YjbR
[15:01:56] Modify product: Uncharacterized HTH-type transcriptional regulator YdjF => putative HTH-type transcriptional regulator YdjF
[15:01:56] Modify product: Uncharacterized sugar kinase YdjH => putative sugar kinase YdjH
[15:01:56] Modify product: Probable fructose-bisphosphate aldolase => putative fructose-bisphosphate aldolase
[15:01:56] Modify product: Uncharacterized zinc-type alcohol dehydrogenase-like protein YdjJ => putative zinc-type alcohol dehydrogenase-like protein YdjJ
[15:01:56] Modify product: Stress response UPF0229 protein YhbH => hypothetical protein
[15:01:56] Modify product: Probable diguanylate cyclase CdgI => putative diguanylate cyclase CdgI
[15:01:56] Modify product: Probable diguanylate cyclase DgcJ => putative diguanylate cyclase DgcJ
[15:01:56] Modify product: Uncharacterized protein YeaR => putative protein YeaR
[15:01:56] Modify product: Probable ATP-dependent helicase DinG homolog => putative ATP-dependent helicase DinG 
[15:01:56] Modify product: Probable cyclic di-GMP phosphodiesterase PdeD => putative cyclic di-GMP phosphodiesterase PdeD
[15:01:56] Modify product: UPF0053 inner membrane protein YoaE => hypothetical protein
[15:01:56] Modify product: UPF0266 membrane protein YobD => hypothetical protein
[15:01:56] Modify product: Probable manganese efflux pump MntP => putative manganese efflux pump MntP
[15:01:56] Modify product: Uncharacterized protein HI_1672 => putative protein
[15:01:56] Modify product: Uncharacterized protein YebV => putative protein YebV
[15:01:56] Modify product: Probable transcriptional regulatory protein YebC => putative transcriptional regulatory protein YebC
[15:01:56] Modify product: UPF0394 inner membrane protein YedE => hypothetical protein
[15:01:56] Modify product: UPF0098 protein YbcL => hypothetical protein
[15:01:56] Modify product: Probable diguanylate cyclase DgcQ => putative diguanylate cyclase DgcQ
[15:01:56] Modify product: Uncharacterized inner membrane transporter YedA => putative inner membrane transporter YedA
[15:01:56] Modify product: Uncharacterized protein YedJ => putative protein YedJ
[15:01:56] Modify product: Probable sensor-like histidine kinase YedV => putative sensor-like histidine kinase YedV
[15:01:56] Modify product: Probable transcriptional regulatory protein YedW => putative transcriptional regulatory protein YedW
[15:01:56] Modify product: Putative multidrug export ATP-binding/permease protein SA1683 => Putative multidrug export ATP-binding/permease protein
[15:01:56] Modify product: Probable transcriptional regulatory protein YeeN => putative transcriptional regulatory protein YeeN
[15:01:56] Modify product: Probable FMN/FAD exporter YeeO => putative FMN/FAD exporter YeeO
[15:01:56] Modify product: UPF0246 protein YaaA => hypothetical protein
[15:01:56] Modify product: Probable peptidoglycan glycosyltransferase FtsW => putative peptidoglycan glycosyltransferase FtsW
[15:01:56] Modify product: UPF0231 protein YacL => hypothetical protein
[15:01:56] Modify product: Uncharacterized ABC transporter ATP-binding protein YadG => putative ABC transporter ATP-binding protein YadG
[15:01:56] Modify product: Uncharacterized fimbrial-like protein YadC => putative fimbrial-like protein YadC
[15:01:56] Modify product: Uncharacterized fimbrial-like protein YadK => putative fimbrial-like protein YadK
[15:01:56] Modify product: Uncharacterized fimbrial-like protein YadL => putative fimbrial-like protein YadL
[15:01:56] Modify product: Uncharacterized fimbrial-like protein YadM => putative fimbrial-like protein YadM
[15:01:56] Modify product: Probable fimbrial chaperone YadV => putative fimbrial chaperone YadV
[15:01:56] Modify product: Uncharacterized fimbrial-like protein YadN => putative fimbrial-like protein YadN
[15:01:56] Modify product: UPF0126 inner membrane protein YadS => hypothetical protein
[15:01:56] Modify product: UPF0253 protein YaeP => hypothetical protein
[15:01:56] Modify product: Uncharacterized protein YaeQ => putative protein YaeQ
[15:01:56] Modify product: Uncharacterized methyltransferase YcgJ => putative methyltransferase YcgJ
[15:01:56] Modify product: UPF0758 protein YsxA => hypothetical protein
[15:01:56] Modify product: UPF0401 protein YkfF => hypothetical protein
[15:01:56] Modify product: Uncharacterized protein HI_1472 => putative protein
[15:01:56] Modify product: Uncharacterized protein YdfB => putative protein YdfB
[15:01:56] Modify product: Uncharacterized protein YdfR => putative protein YdfR
[15:01:56] Modify product: Uncharacterized protein YdfO => putative protein YdfO
[15:01:56] Modify product: Uncharacterized HTH-type transcriptional regulator CBU_1416 => putative HTH-type transcriptional regulator
[15:01:56] Modify product: Uncharacterized protein YlcG => putative protein YlcG
[15:01:56] Modify product: Uncharacterized ABC transporter ATP-binding protein HI_1470 => putative ABC transporter ATP-binding protein
[15:01:56] Modify product: Uncharacterized protein YdfO => putative protein YdfO
[15:01:56] Modify product: Probable two-component-system connector protein YcgZ => putative two-component-system connector protein YcgZ
[15:01:56] Modify product: Probable two-component-system connector protein AriR => putative two-component-system connector protein AriR
[15:01:56] Modify product: Uncharacterized protein YmgC => putative protein YmgC
[15:01:56] Modify product: Probable cyclic di-GMP phosphodiesterase PdeG => putative cyclic di-GMP phosphodiesterase PdeG
[15:01:56] Modify product: Uncharacterized protein YmgD => putative protein YmgD
[15:01:56] Modify product: Probable autotransporter ROD_p1121 => putative autotransporter
[15:01:56] Modify product: Uncharacterized protein YcgM => putative protein YcgM
[15:01:56] Modify product: Uncharacterized ABC transporter ATP-binding protein HI_1470 => putative ABC transporter ATP-binding protein
[15:01:56] Modify product: Probable ABC transporter permease protein HI_1471 => putative ABC transporter permease protein
[15:01:56] Modify product: Probable metallo-hydrolase Rv2300c => putative metallo-hydrolase
[15:01:56] Modify product: UPF0225 protein YchJ => hypothetical protein
[15:01:56] Modify product: Uncharacterized NTE family protein Rv1063c => putative NTE family protein
[15:01:56] Modify product: UPF0056 inner membrane protein MarC => hypothetical protein
[15:01:56] Modify product: UPF0263 protein YciU => hypothetical protein
[15:01:56] Modify product: Uncharacterized acyl-CoA thioester hydrolase HI_0827 => putative acyl-CoA thioester hydrolase
[15:01:56] Modify product: Probable intracellular septation protein A => putative intracellular septation protein A
[15:01:56] Modify product: UPF0259 membrane protein YciC => hypothetical protein
[15:01:56] Modify product: Uncharacterized protein YciO => putative protein YciO
[15:01:56] Modify product: Uncharacterized oxidoreductase YciK => putative oxidoreductase YciK
[15:01:56] Modify product: Probable protease SohB => putative protease SohB
[15:01:56] Modify product: Uncharacterized protein YmiA => putative protein YmiA
[15:01:56] Modify product: Uncharacterized protein YciH => putative protein YciH
[15:01:56] Modify product: Uncharacterized HTH-type transcriptional regulator YfiR => putative HTH-type transcriptional regulator YfiR
[15:01:56] Modify product: Uncharacterized protein YcjX => putative protein YcjX
[15:01:56] Modify product: UPF0283 membrane protein YcjF => hypothetical protein
[15:01:56] Modify product: Uncharacterized protein YcjY => putative protein YcjY
[15:01:56] Modify product: Probable hydrolase YcaC => putative hydrolase YcaC
[15:01:56] Modify product: Uncharacterized MFS-type transporter YcaD => putative MFS-type transporter YcaD
[15:01:56] Modify product: Probable formate transporter 1 => putative formate transporter 1
[15:01:56] Modify product: UPF0702 transmembrane protein YetF => hypothetical protein
[15:01:56] Modify product: Uncharacterized metalloprotease YcaL => putative metalloprotease YcaL
[15:01:56] Modify product: UPF0434 protein YcaR => hypothetical protein
[15:01:56] Modify product: Uncharacterized protein YcbX => putative protein YcbX
[15:01:56] Modify product: UPF0319 protein HI_1681 => hypothetical protein
[15:01:56] Modify product: Uncharacterized protein YccU => putative protein YccU
[15:01:56] Modify product: Probable Ni/Fe-hydrogenase 1 B-type cytochrome subunit => putative Ni/Fe-hydrogenase 1 B-type cytochrome subunit
[15:01:56] Modify product: Uncharacterized protein YccJ => putative protein YccJ
[15:01:56] Modify product: Probable malonic semialdehyde reductase RutE => putative malonic semialdehyde reductase RutE
[15:01:56] Modify product: Probable diguanylate cyclase DgcT => putative diguanylate cyclase DgcT
[15:01:56] Modify product: Putative esterase aq_1494 => Putative esterase
[15:01:56] Modify product: Probable major fimbrial subunit LpfA => putative major fimbrial subunit LpfA
[15:01:56] Modify product: Multidrug efflux ATP-binding/permease protein Rv0194 => Multidrug efflux ATP-binding/permease protein
[15:01:56] Modify product: Uncharacterized protein HI_1427 => putative protein
[15:01:56] Modify product: UPF0758 protein YsxA => hypothetical protein
[15:01:56] Modify product: Probable phosphatase YcdX => putative phosphatase YcdX
[15:01:56] Modify product: Uncharacterized protein YmdA => putative protein YmdA
[15:01:56] Modify product: UPF0176 protein YceA => hypothetical protein
[15:01:56] Modify product: Cytochrome b561 homolog 2 => Cytochrome b561 
[15:01:56] Modify product: Uncharacterized protein YceO => putative protein YceO
[15:01:56] Modify product: Uncharacterized lipoprotein YceB => putative lipoprotein YceB
[15:01:56] Modify product: UPF0502 protein YceH => hypothetical protein
[15:01:56] Modify product: Uncharacterized metal-dependent hydrolase YcfH => putative metal-dependent hydrolase YcfH
[15:01:56] Modify product: UPF0227 protein YcfP => hypothetical protein
[15:01:56] Modify product: Probable L,D-transpeptidase YcfS => putative L,D-transpeptidase YcfS
[15:01:56] Modify product: Uncharacterized protein YbdM => putative protein YbdM
[15:01:56] Modify product: Uncharacterized HTH-type transcriptional regulator YbdO => putative HTH-type transcriptional regulator YbdO
[15:01:56] Modify product: UPF0250 protein YbeD => hypothetical protein
[15:01:56] Modify product: Probable glutamine ABC transporter permease protein GlnM => putative glutamine ABC transporter permease protein GlnM
[15:01:56] Modify product: UPF0053 inner membrane protein YgdQ => hypothetical protein
[15:01:56] Modify product: Uncharacterized lipoprotein ChiQ => putative lipoprotein ChiQ
[15:01:56] Modify product: Uncharacterized protein YbfE => putative protein YbfE
[15:01:56] Modify product: GTP cyclohydrolase 1 type 2 homolog => GTP cyclohydrolase 1 type 2 
[15:01:56] Modify product: Uncharacterized protein YbgJ => putative protein YbgJ
[15:01:56] Modify product: Uncharacterized protein YbgK => putative protein YbgK
[15:01:56] Modify product: UPF0271 protein YbgL => hypothetical protein
[15:01:56] Modify product: Uncharacterized ABC transporter ATP-binding protein YlmA => putative ABC transporter ATP-binding protein YlmA
[15:01:56] Modify product: UPF0098 protein YbhB => hypothetical protein
[15:01:56] Modify product: Probable multidrug ABC transporter permease YbhR => putative multidrug ABC transporter permease YbhR
[15:01:56] Modify product: Probable multidrug ABC transporter permease YbhS => putative multidrug ABC transporter permease YbhS
[15:01:56] Modify product: Probable multidrug ABC transporter ATP-binding protein YbhF => putative multidrug ABC transporter ATP-binding protein YbhF
[15:01:56] Modify product: UPF0194 membrane protein YbhG => hypothetical protein
[15:01:56] Modify product: Probable ATP-dependent helicase DinG => putative ATP-dependent helicase DinG
[15:01:56] Modify product: Uncharacterized protein YbiB => putative protein YbiB
[15:01:56] Modify product: Uncharacterized protein YbiI => putative protein YbiI
[15:01:56] Modify product: PKHD-type hydroxylase Sbal_3634 => PKHD-type hydroxylase
[15:01:56] Modify product: Uncharacterized protein McbA => putative protein McbA
[15:01:56] Modify product: Probable L,D-transpeptidase YbiS => putative L,D-transpeptidase YbiS
[15:01:56] Modify product: Uncharacterized ABC transporter ATP-binding protein YbiT => putative ABC transporter ATP-binding protein YbiT
[15:01:56] Modify product: Probable cyclic di-GMP phosphodiesterase PdeI => putative cyclic di-GMP phosphodiesterase PdeI
[15:01:56] Modify product: Uncharacterized protein YbiI => putative protein YbiI
[15:01:56] Modify product: Uncharacterized protein YbjN => putative protein YbjN
[15:01:57] Modify product: Uncharacterized lipoprotein YbjP => putative lipoprotein YbjP
[15:01:57] Modify product: UPF0145 protein YbjQ => hypothetical protein
[15:01:57] Modify product: Uncharacterized protein HI_0461 => putative protein
[15:01:57] Modify product: UPF0053 inner membrane protein YgdQ => hypothetical protein
[15:01:57] Modify product: Uncharacterized lipoprotein YgdR => putative lipoprotein YgdR
[15:01:57] Modify product: Probable xanthine dehydrogenase subunit A => putative xanthine dehydrogenase subunit A
[15:01:57] Modify product: Uncharacterized protein YqfG => putative protein YqfG
[15:01:57] Modify product: UPF0073 inner membrane protein YqfA => hypothetical protein
[15:01:57] Modify product: UPF0267 protein YqfB => hypothetical protein
[15:01:57] Modify product: UPF0149 protein HI_0817 => hypothetical protein
[15:01:57] Modify product: UPF0301 protein YqgE => hypothetical protein
[15:01:57] Modify product: Uncharacterized protein YggR => putative protein YggR
[15:01:57] Modify product: UPF0235 protein YggU => hypothetical protein
[15:01:57] Modify product: Uncharacterized protein HI_0341 => putative protein
[15:01:57] Modify product: Probable Fe(2+)-trafficking protein => putative Fe(2+)-trafficking protein
[15:01:57] Modify product: Uncharacterized membrane protein YdfK => putative membrane protein YdfK
[15:01:57] Modify product: Probable 9-O-acetyl-N-acetylneuraminic acid deacetylase => putative 9-O-acetyl-N-acetylneuraminic acid deacetylase
[15:01:57] Modify product: Probable N-acetylneuraminic acid outer membrane channel protein NanC => putative N-acetylneuraminic acid outer membrane channel protein NanC
[15:01:57] Modify product: UPF0401 protein YkfF => hypothetical protein
[15:01:57] Modify product: UPF0758 protein CT0611 => hypothetical protein
[15:01:57] Modify product: Uncharacterized FAD-linked oxidoreductase Rv2280 => putative FAD-linked oxidoreductase
[15:01:57] Modify product: Uncharacterized FAD-linked oxidoreductase Rv2280 => putative FAD-linked oxidoreductase
[15:01:57] Modify product: Uncharacterized protein YtfJ => putative protein YtfJ
[15:01:57] Modify product: Probable Ni/Fe-hydrogenase 2 b-type cytochrome subunit => putative Ni/Fe-hydrogenase 2 b-type cytochrome subunit
[15:01:57] Modify product: Uncharacterized oxidoreductase YghA => putative oxidoreductase YghA
[15:01:57] Modify product: Uncharacterized tRNA/rRNA methyltransferase HI_0380 => putative tRNA/rRNA methyltransferase
[15:01:57] Modify product: Uncharacterized oxidoreductase YjmC => putative oxidoreductase YjmC
[15:01:57] Modify product: Solute-binding protein Bpro_3107 => Solute-binding protein
[15:01:57] Modify product: Probable deoxycholate-binding periplasmic protein YgiS => putative deoxycholate-binding periplasmic protein YgiS
[15:01:57] Modify product: Probable quinol monooxygenase YgiN => putative quinol monooxygenase YgiN
[15:01:57] Modify product: Uncharacterized HTH-type transcriptional regulator YbbH => putative HTH-type transcriptional regulator YbbH
[15:01:57] Modify product: Probable siderophore transport system permease protein YfiZ => putative siderophore transport system permease protein YfiZ
[15:01:57] Modify product: Probable siderophore transport system ATP-binding protein YusV => putative siderophore transport system ATP-binding protein YusV
[15:01:57] Modify product: Uncharacterized fimbrial-like protein YbgD => putative fimbrial-like protein YbgD
[15:01:57] Modify product: Probable fimbrial chaperone YfcS => putative fimbrial chaperone YfcS
[15:01:57] Modify product: Uncharacterized protein YqiC => putative protein YqiC
[15:01:57] Modify product: Probable glycerol-3-phosphate acyltransferase => putative glycerol-3-phosphate acyltransferase
[15:01:57] Modify product: Uncharacterized protein YqjD => putative protein YqjD
[15:01:57] Modify product: UPF0597 protein YhaM => hypothetical protein
[15:01:57] Modify product: Probable serine transporter => putative serine transporter
[15:01:57] Modify product: Probable serine transporter => putative serine transporter
[15:01:57] Modify product: Probable galactarate transporter => putative galactarate transporter
[15:01:57] Modify product: UPF0102 protein RPA0323 => hypothetical protein
[15:01:57] Modify product: UPF0213 protein BH0048 => hypothetical protein
[15:01:57] Modify product: Uncharacterized protease YhbU => putative protease YhbU
[15:01:57] Modify product: Uncharacterized inner membrane transporter YhbE => putative inner membrane transporter YhbE
[15:01:57] Modify product: Probable phospholipid ABC transporter-binding protein MlaB => putative phospholipid ABC transporter-binding protein MlaB
[15:01:57] Modify product: Probable phospholipid-binding protein MlaC => putative phospholipid-binding protein MlaC
[15:01:57] Modify product: Probable phospholipid ABC transporter-binding protein MlaD => putative phospholipid ABC transporter-binding protein MlaD
[15:01:57] Modify product: Probable phospholipid ABC transporter permease protein MlaE => putative phospholipid ABC transporter permease protein MlaE
[15:01:57] Modify product: Probable phospholipid import ATP-binding protein MlaF => putative phospholipid import ATP-binding protein MlaF
[15:01:57] Modify product: Uncharacterized protein YrbL => putative protein YrbL
[15:01:57] Modify product: Uncharacterized protein YhcH => putative protein YhcH
[15:01:57] Modify product: Uncharacterized protein YhcO => putative protein YhcO
[15:01:57] Modify product: Probable acrylyl-CoA reductase AcuI => putative acrylyl-CoA reductase AcuI
[15:01:57] Modify product: Uncharacterized membrane protein YhdT => putative membrane protein YhdT
[15:01:57] Modify product: Probable tRNA-dihydrouridine synthase => putative tRNA-dihydrouridine synthase
[15:01:57] Modify product: Probable glutamine ABC transporter permease protein GlnM => putative glutamine ABC transporter permease protein GlnM
[15:01:57] Modify product: Probable bifunctional chitinase/lysozyme => putative bifunctional chitinase/lysozyme
[15:01:57] Modify product: Uncharacterized protein Rv2307c => putative protein
[15:01:57] Modify product: Probable 3-phenylpropionic acid transporter => putative 3-phenylpropionic acid transporter
[15:01:57] Modify product: Uncharacterized protein YphB => putative protein YphB
[15:01:57] Modify product: Uncharacterized tRNA/rRNA methyltransferase YfiF => putative tRNA/rRNA methyltransferase YfiF
[15:01:57] Modify product: UPF0053 inner membrane protein YfjD => hypothetical protein
[15:01:57] Modify product: Uncharacterized protein YdfR => putative protein YdfR
[15:01:57] Modify product: Uncharacterized HTH-type transcriptional regulator CBU_1416 => putative HTH-type transcriptional regulator
[15:01:57] Modify product: Uncharacterized protein YgaU => putative protein YgaU
[15:01:57] Modify product: Probable HTH-type transcriptional regulator YgaV => putative HTH-type transcriptional regulator YgaV
[15:01:57] Modify product: Uncharacterized protein YgaM => putative protein YgaM
[15:01:57] Modify product: Probable transporter SCO4007 => putative transporter
[15:01:57] Modify product: Uncharacterized protein YgcP => putative protein YgcP
[15:01:57] Modify product: Uncharacterized protein YgcP => putative protein YgcP
[15:01:57] Modify product: Uncharacterized FAD-linked oxidoreductase Rv2280 => putative FAD-linked oxidoreductase
[15:01:57] Modify product: Probable glucarate transporter => putative glucarate transporter
[15:01:57] Modify product: Uncharacterized protein PA3435 => putative protein
[15:01:57] Modify product: Uncharacterized protein YqcC => putative protein YqcC
[15:01:57] Modify product: Uncharacterized HTH-type transcriptional regulator YdjF => putative HTH-type transcriptional regulator YdjF
[15:01:57] Modify product: UPF0382 inner membrane protein YgdD => hypothetical protein
[15:01:57] Modify product: Uncharacterized lipoprotein YgdR => putative lipoprotein YgdR
[15:01:57] Modify product: Probable lipoprotein YiaD => putative lipoprotein YiaD
[15:01:57] Modify product: Protein SlyX homolog => Protein SlyX 
[15:01:57] Modify product: Uncharacterized ABC transporter ATP-binding protein YheS => putative ABC transporter ATP-binding protein YheS
[15:01:57] Modify product: UPF0270 protein PA3463 => hypothetical protein
[15:01:57] Modify product: Probable adenosine monophosphate-protein transferase fic => putative adenosine monophosphate-protein transferase fic
[15:01:57] Modify product: Uncharacterized protein YhfG => putative protein YhfG
[15:01:57] Modify product: Uncharacterized protein YhfS => putative protein YhfS
[15:01:57] Modify product: Uncharacterized protein YhfX => putative protein YhfX
[15:01:57] Modify product: Putative membrane protein IgaA homolog => Putative membrane protein IgaA 
[15:01:57] Modify product: Probable [Fe-S]-dependent transcriptional repressor FeoC => putative [Fe-S]-dependent transcriptional repressor FeoC
[15:01:57] Modify product: Uncharacterized fimbrial-like protein SfmH => putative fimbrial-like protein SfmH
[15:01:57] Modify product: Uncharacterized fimbrial chaperone YcbF => putative fimbrial chaperone YcbF
[15:01:57] Modify product: Uncharacterized fimbrial-like protein YcbV => putative fimbrial-like protein YcbV
[15:01:57] Modify product: Probable major fimbrial subunit LpfA => putative major fimbrial subunit LpfA
[15:01:57] Modify product: Probable outer membrane usher protein ElfC => putative outer membrane usher protein ElfC
[15:01:57] Modify product: Probable major fimbrial subunit LpfA => putative major fimbrial subunit LpfA
[15:01:57] Modify product: UPF0056 inner membrane protein YhgN => hypothetical protein
[15:01:57] Modify product: Uncharacterized oxidoreductase YhhX => putative oxidoreductase YhhX
[15:01:57] Modify product: Uncharacterized protein YhhA => putative protein YhhA
[15:01:57] Modify product: Uncharacterized MFS-type transporter YhhS => putative MFS-type transporter YhhS
[15:01:57] Modify product: UPF0194 membrane protein YbhG => hypothetical protein
[15:01:57] Modify product: Uncharacterized protein HI_0933 => putative protein
[15:01:57] Modify product: Oxygen-independent coproporphyrinogen-III oxidase-like protein sll1917 => Oxygen-independent coproporphyrinogen-III oxidase-like protein
[15:01:57] Modify product: Probable cyclic di-GMP phosphodiesterase PdeK => putative cyclic di-GMP phosphodiesterase PdeK
[15:01:57] Modify product: Uncharacterized MFS-type transporter YhjX => putative MFS-type transporter YhjX
[15:01:57] Modify product: Uncharacterized N-acetyltransferase YjaB => putative N-acetyltransferase YjaB
[15:01:57] Modify product: Probable lipoprotein YiaD => putative lipoprotein YiaD
[15:01:57] Modify product: Uncharacterized protein HI_0227 => putative protein
[15:01:57] Modify product: Uncharacterized protein YiaX1 => putative protein YiaX1
[15:01:57] Modify product: Uncharacterized GST-like protein YibF => putative GST-like protein YibF
[15:01:57] Modify product: Uncharacterized protein YibL => putative protein YibL
[15:01:57] Modify product: Uncharacterized protein YibN => putative protein YibN
[15:01:57] Modify product: Uncharacterized protein HI_0755 => putative protein
[15:01:57] Modify product: Uncharacterized glycosyltransferase EpsJ => putative glycosyltransferase EpsJ
[15:01:57] Modify product: Probable autotransporter YfaL => putative autotransporter YfaL
[15:01:57] Modify product: Uncharacterized HTH-type transcriptional regulator RhmR => putative HTH-type transcriptional regulator RhmR
[15:01:57] Modify product: Probable 4-deoxy-4-formamido-L-arabinose-phosphoundecaprenol deformylase ArnD => putative 4-deoxy-4-formamido-L-arabinose-phosphoundecaprenol deformylase ArnD
[15:01:57] Modify product: Probable 4-amino-4-deoxy-L-arabinose-phosphoundecaprenol flippase subunit ArnE => putative 4-amino-4-deoxy-L-arabinose-phosphoundecaprenol flippase subunit ArnE
[15:01:57] Modify product: Probable 4-amino-4-deoxy-L-arabinose-phosphoundecaprenol flippase subunit ArnF => putative 4-amino-4-deoxy-L-arabinose-phosphoundecaprenol flippase subunit ArnF
[15:01:57] Modify product: UPF0039 protein Rv2851c => hypothetical protein
[15:01:57] Modify product: UPF0304 protein YfbU => hypothetical protein
[15:01:57] Modify product: UPF0208 membrane protein YfbV => hypothetical protein
[15:01:57] Modify product: Uncharacterized Nudix hydrolase YfcD => putative Nudix hydrolase YfcD
[15:01:57] Modify product: Epimerase family protein SA0724 => Epimerase family protein
[15:01:57] Modify product: Uncharacterized MFS-type transporter YfcJ => putative MFS-type transporter YfcJ
[15:01:57] Modify product: Uncharacterized MFS-type transporter YfcJ => putative MFS-type transporter YfcJ
[15:01:57] Modify product: Probable membrane transporter protein YfcA => putative membrane transporter protein YfcA
[15:01:57] Modify product: Uncharacterized protein YfcO => putative protein YfcO
[15:01:57] Modify product: Uncharacterized fimbrial-like protein YfcP => putative fimbrial-like protein YfcP
[15:01:57] Modify product: Uncharacterized fimbrial-like protein YfcQ => putative fimbrial-like protein YfcQ
[15:01:57] Modify product: Uncharacterized fimbrial-like protein YfcR => putative fimbrial-like protein YfcR
[15:01:57] Modify product: Probable fimbrial chaperone YfcS => putative fimbrial chaperone YfcS
[15:01:57] Modify product: Uncharacterized fimbrial-like protein YfcV => putative fimbrial-like protein YfcV
[15:01:57] Modify product: UPF0381 protein YiiS => hypothetical protein
[15:01:57] Modify product: Probable phospholipid-binding lipoprotein MlaA => putative phospholipid-binding lipoprotein MlaA
[15:01:57] Modify product: Probable multidrug resistance protein EmrY => putative multidrug resistance protein EmrY
[15:01:57] Modify product: Probable multidrug resistance protein EmrK => putative multidrug resistance protein EmrK
[15:01:57] Modify product: Probable cyclic di-GMP phosphodiesterase PdeA => putative cyclic di-GMP phosphodiesterase PdeA
[15:01:57] Modify product: Probable deferrochelatase/peroxidase YfeX => putative deferrochelatase/peroxidase YfeX
[15:01:57] Modify product: Uncharacterized protein YfeY => putative protein YfeY
[15:01:57] Modify product: Uncharacterized protein Rv2575 => putative protein
[15:01:57] Modify product: Uncharacterized protein YfgD => putative protein YfgD
[15:01:57] Modify product: Uncharacterized protein YfgJ => putative protein YfgJ
[15:01:57] Modify product: UPF0070 protein HI_0370 => hypothetical protein
[15:01:57] Modify product: Uncharacterized lipoprotein YfhM => putative lipoprotein YfhM
[15:01:57] Modify product: Uncharacterized glycosyltransferase EpsJ => putative glycosyltransferase EpsJ
[15:01:57] Modify product: UPF0758 protein SP_1088 => hypothetical protein
[15:01:57] Modify product: UPF0701 protein YicC => hypothetical protein
[15:01:57] Modify product: UPF0126 inner membrane protein YicG => hypothetical protein
[15:01:57] Modify product: Probable fructose-bisphosphate aldolase => putative fructose-bisphosphate aldolase
[15:01:57] Modify product: Uncharacterized metal-dependent hydrolase YjjV => putative metal-dependent hydrolase YjjV
[15:01:57] Modify product: UPF0401 protein YkfF => hypothetical protein
[15:01:57] Modify product: UPF0758 protein YsxA => hypothetical protein
[15:01:57] Modify product: Uncharacterized inner membrane transporter YicL => putative inner membrane transporter YicL
[15:01:57] Modify product: Uncharacterized symporter YidK => putative symporter YidK
[15:01:57] Modify product: Probable 2-dehydro-3-deoxygalactonokinase DgoK1 => putative 2-dehydro-3-deoxygalactonokinase DgoK1
[15:01:57] Modify product: Probable transport protein HsrA => putative transport protein HsrA
[15:01:57] Modify product: UPF0438 protein YifE => hypothetical protein
[15:01:57] Modify product: Probable ECA polymerase => putative ECA polymerase
[15:01:57] Modify product: Probable transport protein YifK => putative transport protein YifK
[15:01:57] Modify product: Uncharacterized HTH-type transcriptional regulator YbbH => putative HTH-type transcriptional regulator YbbH
[15:01:57] Modify product: Uncharacterized HTH-type transcriptional regulator YahB => putative HTH-type transcriptional regulator YahB
[15:01:57] Modify product: UPF0065 protein in clcB-clcD intergenic region => hypothetical protein
[15:01:57] Modify product: Probable 2-dehydro-3-deoxygalactonokinase DgoK1 => putative 2-dehydro-3-deoxygalactonokinase DgoK1
[15:01:57] Modify product: Probable protein kinase UbiB => putative protein kinase UbiB
[15:01:57] Modify product: Uncharacterized protein YjdJ => putative protein YjdJ
[15:01:57] Modify product: Probable cadaverine/lysine antiporter => putative cadaverine/lysine antiporter
[15:01:57] Modify product: UPF0758 protein => hypothetical protein
[15:01:57] Modify product: UPF0401 protein YkfF => hypothetical protein
[15:01:57] Modify product: Uncharacterized protein YbdM => putative protein YbdM
[15:01:57] Modify product: UPF0716 protein FxsA => hypothetical protein
[15:01:57] Modify product: UPF0719 inner membrane protein YjfL => hypothetical protein
[15:01:57] Modify product: Probable L-ascorbate-6-phosphate lactonase UlaG => putative L-ascorbate-6-phosphate lactonase UlaG
[15:01:57] Modify product: Uncharacterized protein YtfJ => putative protein YtfJ
[15:01:57] Modify product: UPF0053 inner membrane protein YtfL => hypothetical protein
[15:01:57] Modify product: UPF0307 protein YjgA => hypothetical protein
[15:01:57] Modify product: Probable 9-O-acetyl-N-acetylneuraminic acid deacetylase => putative 9-O-acetyl-N-acetylneuraminic acid deacetylase
[15:01:57] Modify product: Probable N-acetylneuraminic acid outer membrane channel protein NanC => putative N-acetylneuraminic acid outer membrane channel protein NanC
[15:01:58] Modify product: Uncharacterized protein YjiK => putative protein YjiK
[15:01:58] Modify product: Probable type I restriction enzyme BthVORF4518P M protein => putative type I restriction enzymeP M protein
[15:01:58] Modify product: Uncharacterized GTP-binding protein YjiA => putative GTP-binding protein YjiA
[15:01:58] Modify product: Probable HTH-type transcriptional regulator LgoR => putative HTH-type transcriptional regulator LgoR
[15:01:58] Modify product: UPF0442 protein YjjB => hypothetical protein
[15:01:58] Modify product: Uncharacterized metal-dependent hydrolase YjjV => putative metal-dependent hydrolase YjjV
[15:01:58] Modify product: Uncharacterized protein YjjI => putative protein YjjI
[15:01:58] Modify product: Probable inner membrane protein Smp => putative inner membrane protein Smp
[15:01:58] Modify product: Probable acyltransferase YihG => putative acyltransferase YihG
[15:01:58] Modify product: Probable GTP-binding protein EngB => putative GTP-binding protein EngB
[15:01:58] Modify product: Uncharacterized protein YshB => putative protein YshB
[15:01:58] Modify product: Uncharacterized zinc-type alcohol dehydrogenase-like protein YjmD => putative zinc-type alcohol dehydrogenase-like protein YjmD
[15:01:58] Modify product: Uncharacterized protein YphB => putative protein YphB
[15:01:58] Modify product: UPF0761 membrane protein YihY => hypothetical protein
[15:01:58] Modify product: UPF0381 protein YiiS => hypothetical protein
[15:01:58] Modify product: Probable cystine transporter YijE => putative cystine transporter YijE
[15:01:58] Modify product: Probable L-galactonate transporter => putative L-galactonate transporter
[15:01:58] Modify product: Uncharacterized protein HI_0431 => putative protein
[15:01:58] Modify product: Uncharacterized N-acetyltransferase YjaB => putative N-acetyltransferase YjaB
[15:01:58] Modify product: Uncharacterized lipoprotein GfcB => putative lipoprotein GfcB
[15:01:58] Modify product: UPF0337 protein YjbJ => hypothetical protein
[15:01:58] Modify product: Uncharacterized protein YjbR => putative protein YjbR
[15:01:58] Modify product: Probable cyclic di-GMP phosphodiesterase PdeC => putative cyclic di-GMP phosphodiesterase PdeC
[15:01:58] Modify product: Uncharacterized ferredoxin-like protein YdhX => putative ferredoxin-like protein YdhX
[15:01:58] Modify product: Probable D,D-dipeptide transport system permease protein DdpC => putative D,D-dipeptide transport system permease protein DdpC
[15:01:58] Modify product: Probable D,D-dipeptide-binding periplasmic protein DdpA => putative D,D-dipeptide-binding periplasmic protein DdpA
[15:01:58] Modify product: Probable transcriptional regulator PhnF => putative transcriptional regulator PhnF
[15:01:58] Cleaned 423 /product names
[15:01:58] Deleting unwanted file: PROKKA_06012026/sprot.faa
[15:01:58] Deleting unwanted file: PROKKA_06012026/sprot.blast
[15:01:58] There are still 1092 unannotated CDS left (started with 4894)
[15:01:58] Will use hmmer3 to search against /media/alireza/miniconda3/envs/prokka/bin/../db/hmm/HAMAP.hmm with 8 CPUs
[15:01:58] Running: cat PROKKA_06012026\/HAMAP\.hmm\.faa | parallel --gnu --plain -j 8 --block 15758 --recstart '>' --pipe hmmscan --noali --notextw --acc -E 1e-06 --cpu 1 /media/alireza/miniconda3/envs/prokka/bin/../db/hmm/HAMAP.hmm /dev/stdin > PROKKA_06012026\/HAMAP\.hmm\.hmmer3 2> /dev/null
[15:02:06] Modify product: Uncharacterized Nudix hydrolase NudL => putative Nudix hydrolase NudL
[15:02:06] Cleaned 1 /product names
[15:02:06] Deleting unwanted file: PROKKA_06012026/HAMAP.hmm.faa
[15:02:06] Deleting unwanted file: PROKKA_06012026/HAMAP.hmm.hmmer3
[15:02:06] Labelling remaining 1045 proteins as 'hypothetical protein'
[15:02:06] Possible /pseudo 'Non-specific ribonucleoside hydrolase RihC' at AE014075.1 position 29739
[15:02:06] Possible /pseudo 'Protein FixB' at AE014075.1 position 46367
[15:02:06] Possible /pseudo 'Colicin-E7 immunity protein' at AE014075.1 position 129691
[15:02:06] Possible /pseudo 'Colicin-E7 immunity protein' at AE014075.1 position 130380
[15:02:06] Possible /pseudo 'Dihydrolipoyllysine-residue acetyltransferase component of pyruvate dehydrogenase complex' at AE014075.1 position 136658
[15:02:06] Possible /pseudo '1-deoxy-D-xylulose 5-phosphate reductoisomerase' at AE014075.1 position 204087
[15:02:06] Possible /pseudo 'Clamp-binding protein CrfC' at AE014075.1 position 268315
[15:02:06] Possible /pseudo 'HTH-type transcriptional regulator PgrR' at AE014075.1 position 392354
[15:02:06] Possible /pseudo 'putative iron export permease protein FetB' at AE014075.1 position 592769
[15:02:06] Possible /pseudo 'Cell division coordinator CpoB' at AE014075.1 position 802926
[15:02:06] Possible /pseudo 'Formate acetyltransferase 1' at AE014075.1 position 1003381
[15:02:06] Possible /pseudo 'Tetraacyldisaccharide 4'-kinase' at AE014075.1 position 1019656
[15:02:06] Possible /pseudo 'Glucose-1-phosphatase' at AE014075.1 position 1100241
[15:02:06] Possible /pseudo 'Glucitol operon repressor' at AE014075.1 position 1141102
[15:02:06] Possible /pseudo 'Galactarate dehydratase (L-threo-forming)' at AE014075.1 position 1141965
[15:02:06] Possible /pseudo 'Galactarate dehydratase (L-threo-forming)' at AE014075.1 position 1142354
[15:02:06] Possible /pseudo 'tRNA nuclease CdiA' at AE014075.1 position 1163191
[15:02:06] Possible /pseudo 'Transposase for transposon Tn5' at AE014075.1 position 1211977
[15:02:06] Possible /pseudo 'Cytoskeleton bundling-enhancing antitoxin CbeA' at AE014075.1 position 1237977
[15:02:06] Possible /pseudo 'Putative oxidoreductase YceM' at AE014075.1 position 1270789
[15:02:06] Possible /pseudo 'Transcription-repair-coupling factor' at AE014075.1 position 1315400
[15:02:06] Possible /pseudo 'Manganese transport system membrane protein MntB' at AE014075.1 position 1447561
[15:02:06] Possible /pseudo 'Protein MpaA' at AE014075.1 position 1632764
[15:02:06] Possible /pseudo 'Formate dehydrogenase, nitrate-inducible, major subunit' at AE014075.1 position 1740864
[15:02:06] Possible /pseudo 'Oxygen sensor protein DosP' at AE014075.1 position 1751294
[15:02:06] Possible /pseudo 'Phenylalanine--tRNA ligase beta subunit' at AE014075.1 position 1953448
[15:02:06] Possible /pseudo 'Protease 2' at AE014075.1 position 2078852
[15:02:06] Possible /pseudo 'Formate-dependent phosphoribosylglycinamide formyltransferase' at AE014075.1 position 2083191
[15:02:06] Possible /pseudo '2,3-dihydroxybenzoate-AMP ligase' at AE014075.1 position 2246714
[15:02:06] Possible /pseudo 'Pseudouridine-5'-phosphate glycosidase' at AE014075.1 position 2548517
[15:02:06] Possible /pseudo 'Lysine/arginine/ornithine-binding periplasmic protein' at AE014075.1 position 2709112
[15:02:06] Possible /pseudo 'putative MFS-type transporter YfcJ' at AE014075.1 position 2721472
[15:02:06] Possible /pseudo 'Tyrosine recombinase XerD' at AE014075.1 position 2758106
[15:02:06] Possible /pseudo 'Alanine--tRNA ligase' at AE014075.1 position 3103723
[15:02:06] Possible /pseudo 'Anaerobic nitric oxide reductase flavorubredoxin' at AE014075.1 position 3115889
[15:02:06] Possible /pseudo 'RNA polymerase sigma factor RpoS' at AE014075.1 position 3150362
[15:02:06] Possible /pseudo 'putative protein YgcP' at AE014075.1 position 3168399
[15:02:06] Possible /pseudo 'Glucarate dehydratase' at AE014075.1 position 3194046
[15:02:06] Possible /pseudo 'Energy-coupling factor transporter ATP-binding protein EcfA1' at AE014075.1 position 3367862
[15:02:06] Possible /pseudo 'Putative protein-methionine-sulfoxide reductase subunit YedZ1' at AE014075.1 position 3416149
[15:02:06] Possible /pseudo 'Type II secretion system protein L' at AE014075.1 position 3531570
[15:02:06] Possible /pseudo 'putative FAD-linked oxidoreductase' at AE014075.1 position 3541181
[15:02:06] Possible /pseudo 'RNA polymerase sigma factor RpoD' at AE014075.1 position 3654744
[15:02:06] Possible /pseudo 'putative serine transporter' at AE014075.1 position 3696275
[15:02:06] Possible /pseudo 'ATP-dependent zinc metalloprotease FtsH' at AE014075.1 position 3758948
[15:02:06] Possible /pseudo 'L-amino acid N-acetyltransferase AaaT' at AE014075.1 position 4020735
[15:02:06] Possible /pseudo 'Small toxic polypeptide LdrD' at AE014075.1 position 4139185
[15:02:06] Possible /pseudo 'General stress protein A' at AE014075.1 position 4235124
[15:02:06] Possible /pseudo 'Chromosomal replication initiator protein DnaA' at AE014075.1 position 4384741
[15:02:06] Possible /pseudo 'Competence protein ComM' at AE014075.1 position 4450708
[15:02:06] Possible /pseudo 'DNA polymerase I' at AE014075.1 position 4573254
[15:02:06] Possible /pseudo 'Formate dehydrogenase-O major subunit' at AE014075.1 position 4608747
[15:02:06] Possible /pseudo 'Mannosylglucosyl-3-phosphoglycerate phosphatase' at AE014075.1 position 4654652
[15:02:06] Possible /pseudo 'Formate dehydrogenase H' at AE014075.1 position 4858106
[15:02:06] Possible /pseudo 'Inner membrane protein YjdF' at AE014075.1 position 4902072
[15:02:06] Possible /pseudo 'Putative acid--amine ligase YjfC' at AE014075.1 position 5021351
[15:02:06] Possible /pseudo 'Type-1 fimbrial protein, A chain' at AE014075.1 position 5138501
[15:02:06] Possible /pseudo 'RNA 2'-phosphotransferase' at AE014075.1 position 5155233
[15:02:06] Found 3144 unique /gene codes.
[15:02:06] Fixed 2 duplicate /gene - ybhI_1 ybhI_2
[15:02:06] Fixed 2 duplicate /gene - acrR_1 acrR_2
[15:02:06] Fixed 3 duplicate /gene - rhaS_1 rhaS_2 rhaS_3
[15:02:06] Fixed 3 duplicate /gene - exuT_1 exuT_2 exuT_3
[15:02:06] Fixed 2 duplicate /gene - glcR_1 glcR_2
[15:02:06] Fixed 5 duplicate /gene - intS_1 intS_2 intS_3 intS_4 intS_5
[15:02:06] Fixed 3 duplicate /gene - fbaA_1 fbaA_2 fbaA_3
[15:02:06] Fixed 2 duplicate /gene - rspA_1 rspA_2
[15:02:06] Fixed 2 duplicate /gene - ulaC_1 ulaC_2
[15:02:06] Fixed 2 duplicate /gene - ydgA_1 ydgA_2
[15:02:06] Fixed 3 duplicate /gene - fixB_1 fixB_2 fixB_3
[15:02:06] Fixed 2 duplicate /gene - glnM_1 glnM_2
[15:02:06] Fixed 2 duplicate /gene - rbsB_1 rbsB_2
[15:02:06] Fixed 2 duplicate /gene - sfp_1 sfp_2
[15:02:06] Fixed 2 duplicate /gene - acuI_1 acuI_2
[15:02:06] Fixed 2 duplicate /gene - icaA_1 icaA_2
[15:02:06] Fixed 2 duplicate /gene - yjfC_1 yjfC_2
[15:02:06] Fixed 2 duplicate /gene - fhuA_1 fhuA_2
[15:02:06] Fixed 2 duplicate /gene - lptF_1 lptF_2
[15:02:06] Fixed 2 duplicate /gene - epsJ_1 epsJ_2
[15:02:06] Fixed 2 duplicate /gene - ptrB_1 ptrB_2
[15:02:06] Fixed 2 duplicate /gene - wecH_1 wecH_2
[15:02:06] Fixed 2 duplicate /gene - ydfR_1 ydfR_2
[15:02:06] Fixed 2 duplicate /gene - tabA_1 tabA_2
[15:02:06] Fixed 3 duplicate /gene - hokA_1 hokA_2 hokA_3
[15:02:06] Fixed 4 duplicate /gene - era_1 era_2 era_3 era_4
[15:02:06] Fixed 2 duplicate /gene - ompD_1 ompD_2
[15:02:06] Fixed 3 duplicate /gene - rusA_1 rusA_2 rusA_3
[15:02:06] Fixed 2 duplicate /gene - purT_1 purT_2
[15:02:06] Fixed 2 duplicate /gene - bioF_1 bioF_2
[15:02:06] Fixed 2 duplicate /gene - fiu_1 fiu_2
[15:02:06] Fixed 2 duplicate /gene - carA_1 carA_2
[15:02:06] Fixed 3 duplicate /gene - yahB_1 yahB_2 yahB_3
[15:02:06] Fixed 6 duplicate /gene - cirA_1 cirA_2 cirA_3 cirA_4 cirA_5 cirA_6
[15:02:06] Fixed 4 duplicate /gene - kbaY_1 kbaY_2 kbaY_3 kbaY_4
[15:02:06] Fixed 2 duplicate /gene - nanS_1 nanS_2
[15:02:06] Fixed 2 duplicate /gene - hcaR_1 hcaR_2
[15:02:06] Fixed 3 duplicate /gene - imm_1 imm_2 imm_3
[15:02:06] Fixed 2 duplicate /gene - aspT_1 aspT_2
[15:02:06] Fixed 2 duplicate /gene - yfcJ_1 yfcJ_2
[15:02:06] Fixed 2 duplicate /gene - fimH_1 fimH_2
[15:02:06] Fixed 3 duplicate /gene - ubiE_1 ubiE_2 ubiE_3
[15:02:06] Fixed 2 duplicate /gene - lpxK_1 lpxK_2
[15:02:06] Fixed 4 duplicate /gene - cysH_1 cysH_2 cysH_3 cysH_4
[15:02:06] Fixed 2 duplicate /gene - bshB1_1 bshB1_2
[15:02:06] Fixed 2 duplicate /gene - lolD_1 lolD_2
[15:02:06] Fixed 2 duplicate /gene - lgoD_1 lgoD_2
[15:02:06] Fixed 2 duplicate /gene - iolS_1 iolS_2
[15:02:06] Fixed 3 duplicate /gene - dnaK_1 dnaK_2 dnaK_3
[15:02:06] Fixed 2 duplicate /gene - higA-2_1 higA-2_2
[15:02:06] Fixed 3 duplicate /gene - proP_1 proP_2 proP_3
[15:02:06] Fixed 2 duplicate /gene - metK_1 metK_2
[15:02:06] Fixed 4 duplicate /gene - rbsC_1 rbsC_2 rbsC_3 rbsC_4
[15:02:06] Fixed 3 duplicate /gene - adhE_1 adhE_2 adhE_3
[15:02:06] Fixed 2 duplicate /gene - dam_1 dam_2
[15:02:06] Fixed 3 duplicate /gene - fepC_1 fepC_2 fepC_3
[15:02:06] Fixed 2 duplicate /gene - epsL_1 epsL_2
[15:02:06] Fixed 2 duplicate /gene - gudD_1 gudD_2
[15:02:06] Fixed 2 duplicate /gene - mak_1 mak_2
[15:02:06] Fixed 2 duplicate /gene - ptsH_1 ptsH_2
[15:02:06] Fixed 2 duplicate /gene - btr_1 btr_2
[15:02:06] Fixed 2 duplicate /gene - cysW_1 cysW_2
[15:02:06] Fixed 2 duplicate /gene - tktA_1 tktA_2
[15:02:06] Fixed 2 duplicate /gene - icd_1 icd_2
[15:02:06] Fixed 2 duplicate /gene - dxr_1 dxr_2
[15:02:06] Fixed 2 duplicate /gene - nadC_1 nadC_2
[15:02:06] Fixed 2 duplicate /gene - rclR_1 rclR_2
[15:02:06] Fixed 3 duplicate /gene - tmk_1 tmk_2 tmk_3
[15:02:06] Fixed 2 duplicate /gene - glpR_1 glpR_2
[15:02:06] Fixed 2 duplicate /gene - focC_1 focC_2
[15:02:06] Fixed 2 duplicate /gene - ydjE_1 ydjE_2
[15:02:06] Fixed 2 duplicate /gene - dgoK1_1 dgoK1_2
[15:02:06] Fixed 2 duplicate /gene - gatC_1 gatC_2
[15:02:06] Fixed 2 duplicate /gene - dctM_1 dctM_2
[15:02:06] Fixed 2 duplicate /gene - codB_1 codB_2
[15:02:06] Fixed 2 duplicate /gene - slp_1 slp_2
[15:02:06] Fixed 2 duplicate /gene - rpoD_1 rpoD_2
[15:02:06] Fixed 6 duplicate /gene - klcA_1 klcA_2 klcA_3 klcA_4 klcA_5 klcA_6
[15:02:06] Fixed 2 duplicate /gene - chbA_1 chbA_2
[15:02:06] Fixed 2 duplicate /gene - yhjB_1 yhjB_2
[15:02:06] Fixed 2 duplicate /gene - ygcP_1 ygcP_2
[15:02:06] Fixed 2 duplicate /gene - fetB_1 fetB_2
[15:02:06] Fixed 2 duplicate /gene - agp_1 agp_2
[15:02:06] Fixed 2 duplicate /gene - bcr_1 bcr_2
[15:02:06] Fixed 2 duplicate /gene - ulaE_1 ulaE_2
[15:02:06] Fixed 2 duplicate /gene - yrdA_1 yrdA_2
[15:02:06] Fixed 2 duplicate /gene - xdhA_1 xdhA_2
[15:02:06] Fixed 4 duplicate /gene - kdgK_1 kdgK_2 kdgK_3 kdgK_4
[15:02:06] Fixed 2 duplicate /gene - rutB_1 rutB_2
[15:02:06] Fixed 2 duplicate /gene - queC_1 queC_2
[15:02:06] Fixed 3 duplicate /gene - mbtB_1 mbtB_2 mbtB_3
[15:02:06] Fixed 2 duplicate /gene - ftsH_1 ftsH_2
[15:02:06] Fixed 2 duplicate /gene - yjaB_1 yjaB_2
[15:02:06] Fixed 2 duplicate /gene - sorB_1 sorB_2
[15:02:06] Fixed 2 duplicate /gene - phoP_1 phoP_2
[15:02:06] Fixed 2 duplicate /gene - kgtP_1 kgtP_2
[15:02:06] Fixed 3 duplicate /gene - esiB_1 esiB_2 esiB_3
[15:02:06] Fixed 2 duplicate /gene - lolA_1 lolA_2
[15:02:06] Fixed 2 duplicate /gene - nimR_1 nimR_2
[15:02:06] Fixed 2 duplicate /gene - yeeR_1 yeeR_2
[15:02:06] Fixed 2 duplicate /gene - pyrE_1 pyrE_2
[15:02:06] Fixed 2 duplicate /gene - fatA_1 fatA_2
[15:02:06] Fixed 2 duplicate /gene - narL_1 narL_2
[15:02:06] Fixed 2 duplicate /gene - ydfO_1 ydfO_2
[15:02:06] Fixed 2 duplicate /gene - lldR_1 lldR_2
[15:02:06] Fixed 3 duplicate /gene - tnpA_1 tnpA_2 tnpA_3
[15:02:06] Fixed 2 duplicate /gene - lptB_1 lptB_2
[15:02:06] Fixed 2 duplicate /gene - prfA_1 prfA_2
[15:02:06] Fixed 2 duplicate /gene - mepH_1 mepH_2
[15:02:06] Fixed 3 duplicate /gene - oppF_1 oppF_2 oppF_3
[15:02:06] Fixed 2 duplicate /gene - malY_1 malY_2
[15:02:06] Fixed 2 duplicate /gene - dprA_1 dprA_2
[15:02:06] Fixed 2 duplicate /gene - gatY_1 gatY_2
[15:02:06] Fixed 2 duplicate /gene - algC_1 algC_2
[15:02:06] Fixed 3 duplicate /gene - nagB_1 nagB_2 nagB_3
[15:02:06] Fixed 3 duplicate /gene - gltC_1 gltC_2 gltC_3
[15:02:06] Fixed 2 duplicate /gene - mexB_1 mexB_2
[15:02:06] Fixed 2 duplicate /gene - atsA_1 atsA_2
[15:02:06] Fixed 5 duplicate /gene - intA_1 intA_2 intA_3 intA_4 intA_5
[15:02:06] Fixed 2 duplicate /gene - deoR_1 deoR_2
[15:02:06] Fixed 2 duplicate /gene - galE_1 galE_2
[15:02:06] Fixed 2 duplicate /gene - topA_1 topA_2
[15:02:06] Fixed 2 duplicate /gene - srmB_1 srmB_2
[15:02:06] Fixed 2 duplicate /gene - mtlA_1 mtlA_2
[15:02:06] Fixed 2 duplicate /gene - kptA_1 kptA_2
[15:02:06] Fixed 3 duplicate /gene - ybdM_1 ybdM_2 ybdM_3
[15:02:06] Fixed 3 duplicate /gene - chuR_1 chuR_2 chuR_3
[15:02:06] Fixed 3 duplicate /gene - glnQ_1 glnQ_2 glnQ_3
[15:02:06] Fixed 2 duplicate /gene - prsF_1 prsF_2
[15:02:06] Fixed 4 duplicate /gene - gspA_1 gspA_2 gspA_3 gspA_4
[15:02:06] Fixed 2 duplicate /gene - hokC_1 hokC_2
[15:02:06] Fixed 2 duplicate /gene - kdsD_1 kdsD_2
[15:02:06] Fixed 2 duplicate /gene - cysE_1 cysE_2
[15:02:06] Fixed 2 duplicate /gene - rihC_1 rihC_2
[15:02:06] Fixed 2 duplicate /gene - ydjZ_1 ydjZ_2
[15:02:06] Fixed 2 duplicate /gene - opgE_1 opgE_2
[15:02:06] Fixed 2 duplicate /gene - fryB_1 fryB_2
[15:02:06] Fixed 2 duplicate /gene - cynR_1 cynR_2
[15:02:06] Fixed 3 duplicate /gene - por_1 por_2 por_3
[15:02:06] Fixed 2 duplicate /gene - mglA_1 mglA_2
[15:02:06] Fixed 2 duplicate /gene - yjbR_1 yjbR_2
[15:02:06] Fixed 2 duplicate /gene - malP_1 malP_2
[15:02:06] Fixed 2 duplicate /gene - mobA_1 mobA_2
[15:02:06] Fixed 2 duplicate /gene - gspK_1 gspK_2
[15:02:06] Fixed 2 duplicate /gene - fdoG_1 fdoG_2
[15:02:06] Fixed 2 duplicate /gene - nanT_1 nanT_2
[15:02:06] Fixed 3 duplicate /gene - cutD_1 cutD_2 cutD_3
[15:02:06] Fixed 3 duplicate /gene - acpP_1 acpP_2 acpP_3
[15:02:06] Fixed 2 duplicate /gene - argR_1 argR_2
[15:02:06] Fixed 2 duplicate /gene - comM_1 comM_2
[15:02:06] Fixed 2 duplicate /gene - aas_1 aas_2
[15:02:06] Fixed 2 duplicate /gene - yjdF_1 yjdF_2
[15:02:06] Fixed 4 duplicate /gene - papB_1 papB_2 papB_3 papB_4
[15:02:06] Fixed 3 duplicate /gene - mdh_1 mdh_2 mdh_3
[15:02:06] Fixed 2 duplicate /gene - msbA_1 msbA_2
[15:02:06] Fixed 2 duplicate /gene - proS_1 proS_2
[15:02:06] Fixed 2 duplicate /gene - tsx_1 tsx_2
[15:02:06] Fixed 2 duplicate /gene - yggP_1 yggP_2
[15:02:06] Fixed 2 duplicate /gene - fepA_1 fepA_2
[15:02:06] Fixed 2 duplicate /gene - bglH_1 bglH_2
[15:02:06] Fixed 2 duplicate /gene - sbmC_1 sbmC_2
[15:02:06] Fixed 2 duplicate /gene - ydiV_1 ydiV_2
[15:02:06] Fixed 2 duplicate /gene - ssuC_1 ssuC_2
[15:02:06] Fixed 2 duplicate /gene - mggB_1 mggB_2
[15:02:06] Fixed 4 duplicate /gene - fabG_1 fabG_2 fabG_3 fabG_4
[15:02:06] Fixed 2 duplicate /gene - kdgR_1 kdgR_2
[15:02:06] Fixed 3 duplicate /gene - vgrG1_1 vgrG1_2 vgrG1_3
[15:02:06] Fixed 2 duplicate /gene - rob_1 rob_2
[15:02:06] Fixed 2 duplicate /gene - aaeA_1 aaeA_2
[15:02:06] Fixed 2 duplicate /gene - pitA_1 pitA_2
[15:02:06] Fixed 2 duplicate /gene - icsA_1 icsA_2
[15:02:06] Fixed 2 duplicate /gene - fdhF_1 fdhF_2
[15:02:06] Fixed 3 duplicate /gene - nanR_1 nanR_2 nanR_3
[15:02:06] Fixed 2 duplicate /gene - argT_1 argT_2
[15:02:06] Fixed 2 duplicate /gene - dmsC_1 dmsC_2
[15:02:06] Fixed 2 duplicate /gene - arcA_1 arcA_2
[15:02:06] Fixed 4 duplicate /gene - pgrR_1 pgrR_2 pgrR_3 pgrR_4
[15:02:06] Fixed 2 duplicate /gene - sgrR_1 sgrR_2
[15:02:06] Fixed 2 duplicate /gene - ampG_1 ampG_2
[15:02:06] Fixed 6 duplicate /gene - cbtA_1 cbtA_2 cbtA_3 cbtA_4 cbtA_5 cbtA_6
[15:02:06] Fixed 2 duplicate /gene - recF_1 recF_2
[15:02:06] Fixed 2 duplicate /gene - ulaB_1 ulaB_2
[15:02:06] Fixed 2 duplicate /gene - cusC_1 cusC_2
[15:02:06] Fixed 2 duplicate /gene - radD_1 radD_2
[15:02:06] Fixed 2 duplicate /gene - rcsB_1 rcsB_2
[15:02:06] Fixed 2 duplicate /gene - papK_1 papK_2
[15:02:06] Fixed 2 duplicate /gene - aaaT_1 aaaT_2
[15:02:06] Fixed 2 duplicate /gene - aaxC_1 aaxC_2
[15:02:06] Fixed 2 duplicate /gene - dppB_1 dppB_2
[15:02:06] Fixed 2 duplicate /gene - papE_1 papE_2
[15:02:06] Fixed 2 duplicate /gene - ulaA_1 ulaA_2
[15:02:06] Fixed 2 duplicate /gene - bglA_1 bglA_2
[15:02:06] Fixed 2 duplicate /gene - pflB_1 pflB_2
[15:02:06] Fixed 2 duplicate /gene - polA_1 polA_2
[15:02:06] Fixed 2 duplicate /gene - cspG_1 cspG_2
[15:02:06] Fixed 2 duplicate /gene - yceM_1 yceM_2
[15:02:06] Fixed 2 duplicate /gene - malX_1 malX_2
[15:02:06] Fixed 2 duplicate /gene - tycC_1 tycC_2
[15:02:06] Fixed 3 duplicate /gene - fimA_1 fimA_2 fimA_3
[15:02:06] Fixed 3 duplicate /gene - manR_1 manR_2 manR_3
[15:02:06] Fixed 2 duplicate /gene - sucA_1 sucA_2
[15:02:06] Fixed 2 duplicate /gene - yiaD_1 yiaD_2
[15:02:06] Fixed 2 duplicate /gene - psuK_1 psuK_2
[15:02:06] Fixed 2 duplicate /gene - mlc_1 mlc_2
[15:02:06] Fixed 4 duplicate /gene - bhsA_1 bhsA_2 bhsA_3 bhsA_4
[15:02:06] Fixed 2 duplicate /gene - emrB_1 emrB_2
[15:02:06] Fixed 2 duplicate /gene - der_1 der_2
[15:02:06] Fixed 2 duplicate /gene - secA_1 secA_2
[15:02:06] Fixed 3 duplicate /gene - rimO_1 rimO_2 rimO_3
[15:02:06] Fixed 2 duplicate /gene - mepS_1 mepS_2
[15:02:06] Fixed 2 duplicate /gene - ycjY_1 ycjY_2
[15:02:06] Fixed 2 duplicate /gene - dgcZ_1 dgcZ_2
[15:02:06] Fixed 4 duplicate /gene - arcC1_1 arcC1_2 arcC1_3 arcC1_4
[15:02:06] Fixed 2 duplicate /gene - fabH_1 fabH_2
[15:02:06] Fixed 6 duplicate /gene - xerD_1 xerD_2 xerD_3 xerD_4 xerD_5 xerD_6
[15:02:06] Fixed 2 duplicate /gene - rsmI_1 rsmI_2
[15:02:06] Fixed 2 duplicate /gene - cpoB_1 cpoB_2
[15:02:06] Fixed 2 duplicate /gene - ccmH_1 ccmH_2
[15:02:06] Fixed 2 duplicate /gene - nlpD_1 nlpD_2
[15:02:06] Fixed 2 duplicate /gene - ptsG_1 ptsG_2
[15:02:06] Fixed 2 duplicate /gene - fixA_1 fixA_2
[15:02:06] Fixed 2 duplicate /gene - nanA_1 nanA_2
[15:02:06] Fixed 4 duplicate /gene - crfC_1 crfC_2 crfC_3 crfC_4
[15:02:06] Fixed 2 duplicate /gene - hemN_1 hemN_2
[15:02:06] Fixed 2 duplicate /gene - clcD_1 clcD_2
[15:02:06] Fixed 3 duplicate /gene - fruA_1 fruA_2 fruA_3
[15:02:06] Fixed 2 duplicate /gene - hflC_1 hflC_2
[15:02:06] Fixed 2 duplicate /gene - coaA_1 coaA_2
[15:02:06] Fixed 2 duplicate /gene - mpaA_1 mpaA_2
[15:02:06] Fixed 2 duplicate /gene - papD_1 papD_2
[15:02:06] Fixed 4 duplicate /gene - hcpA_1 hcpA_2 hcpA_3 hcpA_4
[15:02:06] Fixed 2 duplicate /gene - soxS_1 soxS_2
[15:02:06] Fixed 2 duplicate /gene - agaC_1 agaC_2
[15:02:06] Fixed 2 duplicate /gene - kefC_1 kefC_2
[15:02:06] Fixed 4 duplicate /gene - garD_1 garD_2 garD_3 garD_4
[15:02:06] Fixed 2 duplicate /gene - lptG_1 lptG_2
[15:02:06] Fixed 2 duplicate /gene - sucD_1 sucD_2
[15:02:06] Fixed 2 duplicate /gene - lapB_1 lapB_2
[15:02:06] Fixed 2 duplicate /gene - dppD_1 dppD_2
[15:02:06] Fixed 2 duplicate /gene - tonB_1 tonB_2
[15:02:06] Fixed 2 duplicate /gene - ftsA_1 ftsA_2
[15:02:06] Fixed 2 duplicate /gene - ydhX_1 ydhX_2
[15:02:06] Fixed 2 duplicate /gene - ptsI_1 ptsI_2
[15:02:06] Fixed 3 duplicate /gene - oxyR_1 oxyR_2 oxyR_3
[15:02:06] Fixed 2 duplicate /gene - hemR_1 hemR_2
[15:02:06] Fixed 2 duplicate /gene - papA_1 papA_2
[15:02:06] Fixed 3 duplicate /gene - fimD_1 fimD_2 fimD_3
[15:02:06] Fixed 2 duplicate /gene - lpp_1 lpp_2
[15:02:06] Fixed 2 duplicate /gene - sucB_1 sucB_2
[15:02:06] Fixed 2 duplicate /gene - sapB_1 sapB_2
[15:02:06] Fixed 2 duplicate /gene - aroH_1 aroH_2
[15:02:06] Fixed 2 duplicate /gene - yfcS_1 yfcS_2
[15:02:06] Fixed 2 duplicate /gene - higB_1 higB_2
[15:02:06] Fixed 2 duplicate /gene - yvgN_1 yvgN_2
[15:02:06] Fixed 4 duplicate /gene - sppA_1 sppA_2 sppA_3 sppA_4
[15:02:06] Fixed 2 duplicate /gene - dosP_1 dosP_2
[15:02:06] Fixed 2 duplicate /gene - lon_1 lon_2
[15:02:06] Fixed 2 duplicate /gene - ugpC_1 ugpC_2
[15:02:06] Fixed 2 duplicate /gene - yhhT_1 yhhT_2
[15:02:06] Fixed 3 duplicate /gene - lpfA_1 lpfA_2 lpfA_3
[15:02:06] Fixed 2 duplicate /gene - fes_1 fes_2
[15:02:06] Fixed 2 duplicate /gene - glrR_1 glrR_2
[15:02:06] Fixed 2 duplicate /gene - ybbH_1 ybbH_2
[15:02:06] Fixed 2 duplicate /gene - flu_1 flu_2
[15:02:06] Fixed 2 duplicate /gene - php_1 php_2
[15:02:06] Fixed 2 duplicate /gene - norV_1 norV_2
[15:02:06] Fixed 2 duplicate /gene - acs_1 acs_2
[15:02:06] Fixed 2 duplicate /gene - recQ_1 recQ_2
[15:02:06] Fixed 2 duplicate /gene - eutN_1 eutN_2
[15:02:06] Fixed 3 duplicate /gene - fabF_1 fabF_2 fabF_3
[15:02:06] Fixed 2 duplicate /gene - pheT_1 pheT_2
[15:02:06] Fixed 2 duplicate /gene - fdnH_1 fdnH_2
[15:02:06] Fixed 2 duplicate /gene - yccS_1 yccS_2
[15:02:06] Fixed 2 duplicate /gene - cysA_1 cysA_2
[15:02:06] Fixed 2 duplicate /gene - manC1_1 manC1_2
[15:02:06] Fixed 2 duplicate /gene - ssb_1 ssb_2
[15:02:06] Fixed 2 duplicate /gene - aceF_1 aceF_2
[15:02:06] Fixed 2 duplicate /gene - yohK_1 yohK_2
[15:02:06] Fixed 4 duplicate /gene - cutC_1 cutC_2 cutC_3 cutC_4
[15:02:06] Fixed 2 duplicate /gene - argE_1 argE_2
[15:02:06] Fixed 4 duplicate /gene - glmU_1 glmU_2 glmU_3 glmU_4
[15:02:06] Fixed 2 duplicate /gene - yhaJ_1 yhaJ_2
[15:02:06] Fixed 2 duplicate /gene - deoB_1 deoB_2
[15:02:06] Fixed 2 duplicate /gene - ytfJ_1 ytfJ_2
[15:02:06] Fixed 2 duplicate /gene - dhbE_1 dhbE_2
[15:02:06] Fixed 3 duplicate /gene - cytR_1 cytR_2 cytR_3
[15:02:06] Fixed 2 duplicate /gene - nanK_1 nanK_2
[15:02:06] Fixed 2 duplicate /gene - dbpA_1 dbpA_2
[15:02:06] Fixed 2 duplicate /gene - lexA_1 lexA_2
[15:02:06] Fixed 2 duplicate /gene - manX_1 manX_2
[15:02:06] Fixed 2 duplicate /gene - rpnA_1 rpnA_2
[15:02:06] Fixed 2 duplicate /gene - xylB_1 xylB_2
[15:02:06] Fixed 4 duplicate /gene - rrrD_1 rrrD_2 rrrD_3 rrrD_4
[15:02:06] Fixed 2 duplicate /gene - yphB_1 yphB_2
[15:02:06] Fixed 2 duplicate /gene - kduD_1 kduD_2
[15:02:06] Fixed 2 duplicate /gene - crt_1 crt_2
[15:02:06] Fixed 2 duplicate /gene - artM_1 artM_2
[15:02:06] Fixed 2 duplicate /gene - nanM_1 nanM_2
[15:02:06] Fixed 2 duplicate /gene - ydiF_1 ydiF_2
[15:02:06] Fixed 2 duplicate /gene - adiA_1 adiA_2
[15:02:06] Fixed 2 duplicate /gene - fimG_1 fimG_2
[15:02:06] Fixed 2 duplicate /gene - fimF_1 fimF_2
[15:02:06] Fixed 2 duplicate /gene - lutA_1 lutA_2
[15:02:06] Fixed 2 duplicate /gene - mdtN_1 mdtN_2
[15:02:06] Fixed 2 duplicate /gene - dctD_1 dctD_2
[15:02:06] Fixed 3 duplicate /gene - dinI_1 dinI_2 dinI_3
[15:02:06] Fixed 4 duplicate /gene - mprA_1 mprA_2 mprA_3 mprA_4
[15:02:06] Fixed 2 duplicate /gene - bioD1_1 bioD1_2
[15:02:06] Fixed 3 duplicate /gene - manZ_1 manZ_2 manZ_3
[15:02:06] Fixed 2 duplicate /gene - dinG_1 dinG_2
[15:02:06] Fixed 2 duplicate /gene - pspB_1 pspB_2
[15:02:06] Fixed 3 duplicate /gene - potA_1 potA_2 potA_3
[15:02:06] Fixed 2 duplicate /gene - dgoA_1 dgoA_2
[15:02:06] Fixed 2 duplicate /gene - agaS_1 agaS_2
[15:02:06] Fixed 2 duplicate /gene - cca_1 cca_2
[15:02:06] Fixed 2 duplicate /gene - cdsA_1 cdsA_2
[15:02:06] Fixed 2 duplicate /gene - pncC_1 pncC_2
[15:02:06] Fixed 2 duplicate /gene - betC_1 betC_2
[15:02:06] Fixed 2 duplicate /gene - hns_1 hns_2
[15:02:06] Fixed 2 duplicate /gene - ldrD_1 ldrD_2
[15:02:06] Fixed 3 duplicate /gene - pdhR_1 pdhR_2 pdhR_3
[15:02:06] Fixed 2 duplicate /gene - axeA1_1 axeA1_2
[15:02:06] Fixed 2 duplicate /gene - papG_1 papG_2
[15:02:06] Fixed 3 duplicate /gene - ydcV_1 ydcV_2 ydcV_3
[15:02:06] Fixed 2 duplicate /gene - frwD_1 frwD_2
[15:02:06] Fixed 2 duplicate /gene - fhuD_1 fhuD_2
[15:02:06] Fixed 7 duplicate /gene - cbeA_1 cbeA_2 cbeA_3 cbeA_4 cbeA_5 cbeA_6 cbeA_7
[15:02:06] Fixed 2 duplicate /gene - nadR_1 nadR_2
[15:02:06] Fixed 2 duplicate /gene - rhaR_1 rhaR_2
[15:02:06] Fixed 2 duplicate /gene - rpoS_1 rpoS_2
[15:02:06] Fixed 2 duplicate /gene - gntK_1 gntK_2
[15:02:06] Fixed 3 duplicate /gene - ompX_1 ompX_2 ompX_3
[15:02:06] Fixed 2 duplicate /gene - acrB_1 acrB_2
[15:02:06] Fixed 3 duplicate /gene - higB-2_1 higB-2_2 higB-2_3
[15:02:06] Fixed 2 duplicate /gene - fdnG_1 fdnG_2
[15:02:06] Fixed 2 duplicate /gene - ccmF_1 ccmF_2
[15:02:06] Fixed 2 duplicate /gene - ydcP_1 ydcP_2
[15:02:06] Fixed 4 duplicate /gene - ppsE_1 ppsE_2 ppsE_3 ppsE_4
[15:02:06] Fixed 2 duplicate /gene - flhA_1 flhA_2
[15:02:06] Fixed 2 duplicate /gene - rapA_1 rapA_2
[15:02:06] Fixed 2 duplicate /gene - caiA_1 caiA_2
[15:02:06] Fixed 2 duplicate /gene - tdcD_1 tdcD_2
[15:02:06] Fixed 3 duplicate /gene - hmuU_1 hmuU_2 hmuU_3
[15:02:06] Fixed 2 duplicate /gene - alaS_1 alaS_2
[15:02:06] Fixed 2 duplicate /gene - ydjF_1 ydjF_2
[15:02:06] Fixed 3 duplicate /gene - yhjE_1 yhjE_2 yhjE_3
[15:02:06] Fixed 3 duplicate /gene - mntB_1 mntB_2 mntB_3
[15:02:06] Fixed 2 duplicate /gene - ydfK_1 ydfK_2
[15:02:06] Fixed 2 duplicate /gene - yjjV_1 yjjV_2
[15:02:06] Fixed 3 duplicate /gene - fixX_1 fixX_2 fixX_3
[15:02:06] Fixed 2 duplicate /gene - dlsT_1 dlsT_2
[15:02:06] Fixed 2 duplicate /gene - nhaK_1 nhaK_2
[15:02:06] Fixed 2 duplicate /gene - dnaA_1 dnaA_2
[15:02:06] Fixed 2 duplicate /gene - ypdA_1 ypdA_2
[15:02:06] Fixed 4 duplicate /gene - hyfA_1 hyfA_2 hyfA_3 hyfA_4
[15:02:06] Fixed 4 duplicate /gene - dmlR_1 dmlR_2 dmlR_3 dmlR_4
[15:02:06] Fixed 2 duplicate /gene - gltR_1 gltR_2
[15:02:06] Fixed 2 duplicate /gene - mepA_1 mepA_2
[15:02:06] Fixed 7 duplicate /gene - srlR_1 srlR_2 srlR_3 srlR_4 srlR_5 srlR_6 srlR_7
[15:02:06] Fixed 2 duplicate /gene - aaeB_1 aaeB_2
[15:02:06] Fixed 2 duplicate /gene - yhjJ_1 yhjJ_2
[15:02:06] Fixed 2 duplicate /gene - dmsB_1 dmsB_2
[15:02:06] Fixed 3 duplicate /gene - gntR_1 gntR_2 gntR_3
[15:02:06] Fixed 2 duplicate /gene - psuG_1 psuG_2
[15:02:06] Fixed 3 duplicate /gene - rbsK_1 rbsK_2 rbsK_3
[15:02:06] Fixed 2 duplicate /gene - ecfA1_1 ecfA1_2
[15:02:06] Fixed 2 duplicate /gene - mngR_1 mngR_2
[15:02:06] Fixed 2 duplicate /gene - papH_1 papH_2
[15:02:06] Fixed 2 duplicate /gene - gnsA_1 gnsA_2
[15:02:06] Fixed 3 duplicate /gene - gltD_1 gltD_2 gltD_3
[15:02:06] Fixed 2 duplicate /gene - rpnD_1 rpnD_2
[15:02:06] Fixed 2 duplicate /gene - idnO_1 idnO_2
[15:02:06] Fixed 2 duplicate /gene - ftnA_1 ftnA_2
[15:02:06] Fixed 3 duplicate /gene - xerC_1 xerC_2 xerC_3
[15:02:06] Fixed 3 duplicate /gene - ygcS_1 ygcS_2 ygcS_3
[15:02:06] Fixed 2 duplicate /gene - gatB_1 gatB_2
[15:02:06] Fixed 2 duplicate /gene - rhtC_1 rhtC_2
[15:02:06] Fixed 2 duplicate /gene - gadX_1 gadX_2
[15:02:06] Fixed 2 duplicate /gene - pikAV_1 pikAV_2
[15:02:06] Fixed 2 duplicate /gene - mfd_1 mfd_2
[15:02:06] Fixed 2 duplicate /gene - osmY_1 osmY_2
[15:02:06] Fixed 2 duplicate /gene - fryA_1 fryA_2
[15:02:06] Fixed 2 duplicate /gene - argA_1 argA_2
[15:02:06] Fixed 2 duplicate /gene - higA_1 higA_2
[15:02:06] Fixed 2 duplicate /gene - oleD_1 oleD_2
[15:02:06] Fixed 2 duplicate /gene - ybiI_1 ybiI_2
[15:02:06] Fixed 2 duplicate /gene - rtcB_1 rtcB_2
[15:02:06] Fixed 2 duplicate /gene - hpf_1 hpf_2
[15:02:06] Fixed 2 duplicate /gene - nanC_1 nanC_2
[15:02:06] Fixed 2 duplicate /gene - appA_1 appA_2
[15:02:06] Fixed 4 duplicate /gene - papC_1 papC_2 papC_3 papC_4
[15:02:06] Fixed 4 duplicate /gene - cdiA_1 cdiA_2 cdiA_3 cdiA_4
[15:02:06] Fixed 2 duplicate /gene - pnuC_1 pnuC_2
[15:02:06] Fixed 2 duplicate /gene - chbC_1 chbC_2
[15:02:06] Fixed 2 duplicate /gene - dgcQ_1 dgcQ_2
[15:02:06] Fixed 2 duplicate /gene - fimC_1 fimC_2
[15:02:06] Fixed 2 duplicate /gene - dapA_1 dapA_2
[15:02:06] Fixed 2 duplicate /gene - ygdR_1 ygdR_2
[15:02:06] Fixed 2 duplicate /gene - ttdT_1 ttdT_2
[15:02:06] Fixed 3 duplicate /gene - fdrA_1 fdrA_2 fdrA_3
[15:02:06] Fixed 3 duplicate /gene - rbsA_1 rbsA_2 rbsA_3
[15:02:06] Fixed 2 duplicate /gene - fucP_1 fucP_2
[15:02:06] Fixed 2 duplicate /gene - dnaJ_1 dnaJ_2
[15:02:06] Fixed 2 duplicate /gene - sucC_1 sucC_2
[15:02:06] Fixed 404 colliding /gene names.
[15:02:06] Adding /locus_tag identifiers
[15:02:06] Assigned 5005 locus_tags to CDS and RNA features.
[15:02:06] Writing outputs to PROKKA_06012026/
[15:02:07] Generating annotation statistics file
[15:02:07] Generating Genbank and Sequin files
[15:02:07] Running: tbl2asn -V b -a r10k -l paired-ends -M n -N 1 -y 'Annotated using prokka 1.13 from https://github.com/tseemann/prokka' -Z PROKKA_06012026\/PROKKA_06012026\.err -i PROKKA_06012026\/PROKKA_06012026\.fsa 2> /dev/null
[15:02:13] Deleting unwanted file: PROKKA_06012026/errorsummary.val
[15:02:13] Deleting unwanted file: PROKKA_06012026/PROKKA_06012026.dr
[15:02:13] Deleting unwanted file: PROKKA_06012026/PROKKA_06012026.fixedproducts
[15:02:13] Deleting unwanted file: PROKKA_06012026/PROKKA_06012026.ecn
[15:02:13] Deleting unwanted file: PROKKA_06012026/PROKKA_06012026.val
[15:02:13] Repairing broken .GBK output that tbl2asn produces...
[15:02:13] Running: sed 's/COORDINATES: profile/COORDINATES:profile/' < PROKKA_06012026\/PROKKA_06012026\.gbf > PROKKA_06012026\/PROKKA_06012026\.gbk
[15:02:13] Deleting unwanted file: PROKKA_06012026/PROKKA_06012026.gbf
[15:02:13] Output files:
[15:02:13] PROKKA_06012026/PROKKA_06012026.gbk
[15:02:13] PROKKA_06012026/PROKKA_06012026.tsv
[15:02:13] PROKKA_06012026/PROKKA_06012026.tbl
[15:02:13] PROKKA_06012026/PROKKA_06012026.log
[15:02:13] PROKKA_06012026/PROKKA_06012026.gff
[15:02:13] PROKKA_06012026/PROKKA_06012026.err
[15:02:13] PROKKA_06012026/PROKKA_06012026.fna
[15:02:13] PROKKA_06012026/PROKKA_06012026.sqn
[15:02:13] PROKKA_06012026/PROKKA_06012026.ffn
[15:02:13] PROKKA_06012026/PROKKA_06012026.txt
[15:02:13] PROKKA_06012026/PROKKA_06012026.fsa
[15:02:13] PROKKA_06012026/PROKKA_06012026.faa
[15:02:13] Annotation finished successfully.
[15:02:13] Walltime used: 1.18 minutes
[15:02:13] If you use this result please cite the Prokka paper:
[15:02:13] Seemann T (2014) Prokka: rapid prokaryotic genome annotation. Bioinformatics. 30(14):2068-9.
[15:02:13] Type 'prokka --citation' for more details.
[15:02:13] Share and enjoy!
